  GameManager.cpp
D:\Github\Platformer_Game\iGraphics.h(23,54): warning C4244: 'argument': conversion from 'double' to 'GLclampf', possible loss of data
D:\Github\Platformer_Game\iGraphics.h(23,39): warning C4244: 'argument': conversion from 'double' to 'GLclampf', possible loss of data
D:\Github\Platformer_Game\iGraphics.h(23,24): warning C4244: 'argument': conversion from 'double' to 'GLclampf', possible loss of data
D:\Github\Platformer_Game\iGraphics.h(92,22): warning C4244: 'argument': conversion from 'double' to 'int', possible loss of data
D:\Github\Platformer_Game\iGraphics.h(92,19): warning C4244: 'argument': conversion from 'double' to 'int', possible loss of data
D:\Github\Platformer_Game\iGraphics.h(96,28): warning C4244: 'argument': conversion from 'double' to 'int', possible loss of data
D:\Github\Platformer_Game\iGraphics.h(96,19): warning C4244: 'argument': conversion from 'double' to 'int', possible loss of data
D:\Github\Platformer_Game\iGraphics.h(100,14): warning C4244: '=': conversion from 'double' to 'int', possible loss of data
D:\Github\Platformer_Game\iGraphics.h(104,14): warning C4244: '=': conversion from 'double' to 'int', possible loss of data
D:\Github\Platformer_Game\iGraphics.h(108,22): warning C4244: 'argument': conversion from 'double' to 'int', possible loss of data
D:\Github\Platformer_Game\iGraphics.h(108,19): warning C4244: 'argument': conversion from 'double' to 'int', possible loss of data
D:\Github\Platformer_Game\iGraphics.h(117,10): warning C4244: 'initializing': conversion from 'double' to 'int', possible loss of data
D:\Github\Platformer_Game\iGraphics.h(117,31): warning C4244: 'initializing': conversion from 'double' to 'int', possible loss of data
D:\Github\Platformer_Game\iGraphics.h(176,23): warning C4244: 'argument': conversion from 'double' to 'int', possible loss of data
D:\Github\Platformer_Game\iGraphics.h(176,14): warning C4244: 'argument': conversion from 'double' to 'int', possible loss of data
D:\Github\Platformer_Game\iGraphics.h(185,23): warning C4244: 'argument': conversion from 'double' to 'int', possible loss of data
D:\Github\Platformer_Game\iGraphics.h(185,14): warning C4244: 'argument': conversion from 'double' to 'int', possible loss of data
D:\Github\Platformer_Game\iGraphics.h(193,39): warning C4244: 'argument': conversion from 'double' to 'int', possible loss of data
D:\Github\Platformer_Game\iGraphics.h(193,30): warning C4244: 'argument': conversion from 'double' to 'int', possible loss of data
D:\Github\Platformer_Game\iGraphics.h(216,20): warning C4244: 'argument': conversion from 'double' to 'GLfloat', possible loss of data
D:\Github\Platformer_Game\iGraphics.h(216,17): warning C4244: 'argument': conversion from 'double' to 'GLfloat', possible loss of data
D:\Github\Platformer_Game\iGraphics.h(247,20): warning C4244: 'argument': conversion from 'double' to 'GLfloat', possible loss of data
D:\Github\Platformer_Game\iGraphics.h(247,17): warning C4244: 'argument': conversion from 'double' to 'GLfloat', possible loss of data
D:\Github\Platformer_Game\iGraphics.h(247,14): warning C4244: 'argument': conversion from 'double' to 'GLfloat', possible loss of data
D:\Github\Platformer_Game\iGraphics.h(263,20): warning C4244: 'argument': conversion from 'double' to 'GLfloat', possible loss of data
D:\Github\Platformer_Game\iGraphics.h(263,17): warning C4244: 'argument': conversion from 'double' to 'GLfloat', possible loss of data
D:\Github\Platformer_Game\iGraphics.h(263,14): warning C4244: 'argument': conversion from 'double' to 'GLfloat', possible loss of data
D:\Github\Platformer_Game\iGraphics.h(279,23): warning C4244: 'argument': conversion from 'double' to 'GLfloat', possible loss of data
D:\Github\Platformer_Game\iGraphics.h(279,20): warning C4244: 'argument': conversion from 'double' to 'GLfloat', possible loss of data
D:\Github\Platformer_Game\iGraphics.h(279,17): warning C4244: 'argument': conversion from 'double' to 'GLfloat', possible loss of data
D:\Github\Platformer_Game\iGraphics.h(279,14): warning C4244: 'argument': conversion from 'double' to 'GLfloat', possible loss of data
D:\Github\Platformer_Game\iGraphics.h(294,23): warning C4244: 'argument': conversion from 'double' to 'GLfloat', possible loss of data
D:\Github\Platformer_Game\iGraphics.h(294,20): warning C4244: 'argument': conversion from 'double' to 'GLfloat', possible loss of data
D:\Github\Platformer_Game\iGraphics.h(294,17): warning C4244: 'argument': conversion from 'double' to 'GLfloat', possible loss of data
D:\Github\Platformer_Game\iGraphics.h(294,14): warning C4244: 'argument': conversion from 'double' to 'GLfloat', possible loss of data
D:\Github\Platformer_Game\iGraphics.h(308,26): warning C4244: 'argument': conversion from 'double' to 'GLfloat', possible loss of data
D:\Github\Platformer_Game\iGraphics.h(308,20): warning C4244: 'argument': conversion from 'double' to 'GLfloat', possible loss of data
D:\Github\Platformer_Game\iGraphics.h(321,20): warning C4244: 'argument': conversion from 'double' to 'GLfloat', possible loss of data
D:\Github\Platformer_Game\iGraphics.h(321,16): warning C4244: 'argument': conversion from 'double' to 'GLfloat', possible loss of data
D:\Github\Platformer_Game\iGraphics.h(322,20): warning C4244: 'argument': conversion from 'double' to 'GLfloat', possible loss of data
D:\Github\Platformer_Game\iGraphics.h(322,16): warning C4244: 'argument': conversion from 'double' to 'GLfloat', possible loss of data
D:\Github\Platformer_Game\iGraphics.h(323,20): warning C4244: 'argument': conversion from 'double' to 'GLfloat', possible loss of data
D:\Github\Platformer_Game\iGraphics.h(323,16): warning C4244: 'argument': conversion from 'double' to 'GLfloat', possible loss of data
D:\Github\Platformer_Game\iGraphics.h(324,20): warning C4244: 'argument': conversion from 'double' to 'GLfloat', possible loss of data
D:\Github\Platformer_Game\iGraphics.h(324,16): warning C4244: 'argument': conversion from 'double' to 'GLfloat', possible loss of data
D:\Github\Platformer_Game\iGraphics.h(331,20): warning C4244: 'argument': conversion from 'double' to 'GLfloat', possible loss of data
D:\Github\Platformer_Game\iGraphics.h(331,16): warning C4244: 'argument': conversion from 'double' to 'GLfloat', possible loss of data
D:\Github\Platformer_Game\iGraphics.h(332,20): warning C4244: 'argument': conversion from 'double' to 'GLfloat', possible loss of data
D:\Github\Platformer_Game\iGraphics.h(332,16): warning C4244: 'argument': conversion from 'double' to 'GLfloat', possible loss of data
D:\Github\Platformer_Game\iGraphics.h(333,20): warning C4244: 'argument': conversion from 'double' to 'GLfloat', possible loss of data
D:\Github\Platformer_Game\iGraphics.h(333,16): warning C4244: 'argument': conversion from 'double' to 'GLfloat', possible loss of data
D:\Github\Platformer_Game\iGraphics.h(343,35): warning C4244: 'argument': conversion from 'double' to 'GLfloat', possible loss of data
D:\Github\Platformer_Game\iGraphics.h(343,19): warning C4244: 'argument': conversion from 'double' to 'GLfloat', possible loss of data
D:\Github\Platformer_Game\iGraphics.h(350,16): warning C4244: 'argument': conversion from 'int' to 'GLfloat', possible loss of data
D:\Github\Platformer_Game\iGraphics.h(352,18): warning C4244: 'argument': conversion from 'double' to 'GLfloat', possible loss of data
D:\Github\Platformer_Game\iGraphics.h(352,15): warning C4244: 'argument': conversion from 'double' to 'GLfloat', possible loss of data
D:\Github\Platformer_Game\iGraphics.h(359,16): warning C4244: 'argument': conversion from 'double' to 'GLfloat', possible loss of data
D:\Github\Platformer_Game\iGraphics.h(361,19): warning C4244: 'argument': conversion from 'double' to 'GLfloat', possible loss of data
D:\Github\Platformer_Game\iGraphics.h(361,15): warning C4244: 'argument': conversion from 'double' to 'GLfloat', possible loss of data
D:\Github\Platformer_Game\iGraphics.h(362,19): warning C4244: 'argument': conversion from 'double' to 'GLfloat', possible loss of data
D:\Github\Platformer_Game\iGraphics.h(362,15): warning C4244: 'argument': conversion from 'double' to 'GLfloat', possible loss of data
D:\Github\Platformer_Game\iGraphics.h(372,16): warning C4244: 'argument': conversion from 'double' to 'GLfloat', possible loss of data
D:\Github\Platformer_Game\iGraphics.h(375,25): warning C4244: 'argument': conversion from 'double' to 'GLfloat', possible loss of data
D:\Github\Platformer_Game\iGraphics.h(375,19): warning C4244: 'argument': conversion from 'double' to 'GLfloat', possible loss of data
D:\Github\Platformer_Game\iGraphics.h(377,24): warning C4244: 'argument': conversion from 'double' to 'GLfloat', possible loss of data
D:\Github\Platformer_Game\iGraphics.h(377,18): warning C4244: 'argument': conversion from 'double' to 'GLfloat', possible loss of data
D:\Github\Platformer_Game\iGraphics.h(383,16): warning C4244: 'argument': conversion from 'double' to 'GLfloat', possible loss of data
D:\Github\Platformer_Game\iGraphics.h(385,19): warning C4244: 'argument': conversion from 'double' to 'GLfloat', possible loss of data
D:\Github\Platformer_Game\iGraphics.h(385,15): warning C4244: 'argument': conversion from 'double' to 'GLfloat', possible loss of data
D:\Github\Platformer_Game\iGraphics.h(386,19): warning C4244: 'argument': conversion from 'double' to 'GLfloat', possible loss of data
D:\Github\Platformer_Game\iGraphics.h(386,15): warning C4244: 'argument': conversion from 'double' to 'GLfloat', possible loss of data
D:\Github\Platformer_Game\iGraphics.h(387,19): warning C4244: 'argument': conversion from 'double' to 'GLfloat', possible loss of data
D:\Github\Platformer_Game\iGraphics.h(387,15): warning C4244: 'argument': conversion from 'double' to 'GLfloat', possible loss of data
D:\Github\Platformer_Game\iGraphics.h(399,16): warning C4244: 'argument': conversion from 'double' to 'GLfloat', possible loss of data
D:\Github\Platformer_Game\iGraphics.h(401,19): warning C4244: 'argument': conversion from 'double' to 'GLfloat', possible loss of data
D:\Github\Platformer_Game\iGraphics.h(401,15): warning C4244: 'argument': conversion from 'double' to 'GLfloat', possible loss of data
D:\Github\Platformer_Game\iGraphics.h(402,19): warning C4244: 'argument': conversion from 'double' to 'GLfloat', possible loss of data
D:\Github\Platformer_Game\iGraphics.h(402,15): warning C4244: 'argument': conversion from 'double' to 'GLfloat', possible loss of data
D:\Github\Platformer_Game\iGraphics.h(403,19): warning C4244: 'argument': conversion from 'double' to 'GLfloat', possible loss of data
D:\Github\Platformer_Game\iGraphics.h(403,15): warning C4244: 'argument': conversion from 'double' to 'GLfloat', possible loss of data
D:\Github\Platformer_Game\iGraphics.h(404,19): warning C4244: 'argument': conversion from 'double' to 'GLfloat', possible loss of data
D:\Github\Platformer_Game\iGraphics.h(404,15): warning C4244: 'argument': conversion from 'double' to 'GLfloat', possible loss of data
D:\Github\Platformer_Game\iGraphics.h(405,19): warning C4244: 'argument': conversion from 'double' to 'GLfloat', possible loss of data
D:\Github\Platformer_Game\iGraphics.h(405,15): warning C4244: 'argument': conversion from 'double' to 'GLfloat', possible loss of data
D:\Github\Platformer_Game\iGraphics.h(414,16): warning C4244: 'argument': conversion from 'double' to 'GLfloat', possible loss of data
D:\Github\Platformer_Game\iGraphics.h(418,34): warning C4244: 'argument': conversion from 'double' to 'GLfloat', possible loss of data
D:\Github\Platformer_Game\iGraphics.h(418,18): warning C4244: 'argument': conversion from 'double' to 'GLfloat', possible loss of data
D:\Github\Platformer_Game\iGraphics.h(427,12): warning C4244: '=': conversion from 'time_t' to 'int', possible loss of data
D:\Github\Platformer_Game\iGraphics.h(429,13): warning C4244: '=': conversion from 'time_t' to 'int', possible loss of data
D:\Github\Platformer_Game\iGraphics.h(442,19): warning C4244: 'argument': conversion from 'double' to 'GLfloat', possible loss of data
D:\Github\Platformer_Game\iGraphics.h(442,16): warning C4244: 'argument': conversion from 'double' to 'GLfloat', possible loss of data
D:\Github\Platformer_Game\iGraphics.h(445,13): warning C4244: 'argument': conversion from 'double' to 'GLfloat', possible loss of data
D:\Github\Platformer_Game\iGraphics.h(448,20): warning C4244: 'argument': conversion from 'double' to 'GLfloat', possible loss of data
D:\Github\Platformer_Game\iGraphics.h(448,16): warning C4244: 'argument': conversion from 'double' to 'GLfloat', possible loss of data
  PlayerManager.cpp
D:\Github\Platformer_Game\iGraphics.h(23,54): warning C4244: 'argument': conversion from 'double' to 'GLclampf', possible loss of data
D:\Github\Platformer_Game\iGraphics.h(23,39): warning C4244: 'argument': conversion from 'double' to 'GLclampf', possible loss of data
D:\Github\Platformer_Game\iGraphics.h(23,24): warning C4244: 'argument': conversion from 'double' to 'GLclampf', possible loss of data
D:\Github\Platformer_Game\iGraphics.h(92,22): warning C4244: 'argument': conversion from 'double' to 'int', possible loss of data
D:\Github\Platformer_Game\iGraphics.h(92,19): warning C4244: 'argument': conversion from 'double' to 'int', possible loss of data
D:\Github\Platformer_Game\iGraphics.h(96,28): warning C4244: 'argument': conversion from 'double' to 'int', possible loss of data
D:\Github\Platformer_Game\iGraphics.h(96,19): warning C4244: 'argument': conversion from 'double' to 'int', possible loss of data
D:\Github\Platformer_Game\iGraphics.h(100,14): warning C4244: '=': conversion from 'double' to 'int', possible loss of data
D:\Github\Platformer_Game\iGraphics.h(104,14): warning C4244: '=': conversion from 'double' to 'int', possible loss of data
D:\Github\Platformer_Game\iGraphics.h(108,22): warning C4244: 'argument': conversion from 'double' to 'int', possible loss of data
D:\Github\Platformer_Game\iGraphics.h(108,19): warning C4244: 'argument': conversion from 'double' to 'int', possible loss of data
D:\Github\Platformer_Game\iGraphics.h(117,10): warning C4244: 'initializing': conversion from 'double' to 'int', possible loss of data
D:\Github\Platformer_Game\iGraphics.h(117,31): warning C4244: 'initializing': conversion from 'double' to 'int', possible loss of data
D:\Github\Platformer_Game\iGraphics.h(176,23): warning C4244: 'argument': conversion from 'double' to 'int', possible loss of data
D:\Github\Platformer_Game\iGraphics.h(176,14): warning C4244: 'argument': conversion from 'double' to 'int', possible loss of data
D:\Github\Platformer_Game\iGraphics.h(185,23): warning C4244: 'argument': conversion from 'double' to 'int', possible loss of data
D:\Github\Platformer_Game\iGraphics.h(185,14): warning C4244: 'argument': conversion from 'double' to 'int', possible loss of data
D:\Github\Platformer_Game\iGraphics.h(193,39): warning C4244: 'argument': conversion from 'double' to 'int', possible loss of data
D:\Github\Platformer_Game\iGraphics.h(193,30): warning C4244: 'argument': conversion from 'double' to 'int', possible loss of data
D:\Github\Platformer_Game\iGraphics.h(216,20): warning C4244: 'argument': conversion from 'double' to 'GLfloat', possible loss of data
D:\Github\Platformer_Game\iGraphics.h(216,17): warning C4244: 'argument': conversion from 'double' to 'GLfloat', possible loss of data
D:\Github\Platformer_Game\iGraphics.h(247,20): warning C4244: 'argument': conversion from 'double' to 'GLfloat', possible loss of data
D:\Github\Platformer_Game\iGraphics.h(247,17): warning C4244: 'argument': conversion from 'double' to 'GLfloat', possible loss of data
D:\Github\Platformer_Game\iGraphics.h(247,14): warning C4244: 'argument': conversion from 'double' to 'GLfloat', possible loss of data
D:\Github\Platformer_Game\iGraphics.h(263,20): warning C4244: 'argument': conversion from 'double' to 'GLfloat', possible loss of data
D:\Github\Platformer_Game\iGraphics.h(263,17): warning C4244: 'argument': conversion from 'double' to 'GLfloat', possible loss of data
D:\Github\Platformer_Game\iGraphics.h(263,14): warning C4244: 'argument': conversion from 'double' to 'GLfloat', possible loss of data
D:\Github\Platformer_Game\iGraphics.h(279,23): warning C4244: 'argument': conversion from 'double' to 'GLfloat', possible loss of data
D:\Github\Platformer_Game\iGraphics.h(279,20): warning C4244: 'argument': conversion from 'double' to 'GLfloat', possible loss of data
D:\Github\Platformer_Game\iGraphics.h(279,17): warning C4244: 'argument': conversion from 'double' to 'GLfloat', possible loss of data
D:\Github\Platformer_Game\iGraphics.h(279,14): warning C4244: 'argument': conversion from 'double' to 'GLfloat', possible loss of data
D:\Github\Platformer_Game\iGraphics.h(294,23): warning C4244: 'argument': conversion from 'double' to 'GLfloat', possible loss of data
D:\Github\Platformer_Game\iGraphics.h(294,20): warning C4244: 'argument': conversion from 'double' to 'GLfloat', possible loss of data
D:\Github\Platformer_Game\iGraphics.h(294,17): warning C4244: 'argument': conversion from 'double' to 'GLfloat', possible loss of data
D:\Github\Platformer_Game\iGraphics.h(294,14): warning C4244: 'argument': conversion from 'double' to 'GLfloat', possible loss of data
D:\Github\Platformer_Game\iGraphics.h(308,26): warning C4244: 'argument': conversion from 'double' to 'GLfloat', possible loss of data
D:\Github\Platformer_Game\iGraphics.h(308,20): warning C4244: 'argument': conversion from 'double' to 'GLfloat', possible loss of data
D:\Github\Platformer_Game\iGraphics.h(321,20): warning C4244: 'argument': conversion from 'double' to 'GLfloat', possible loss of data
D:\Github\Platformer_Game\iGraphics.h(321,16): warning C4244: 'argument': conversion from 'double' to 'GLfloat', possible loss of data
D:\Github\Platformer_Game\iGraphics.h(322,20): warning C4244: 'argument': conversion from 'double' to 'GLfloat', possible loss of data
D:\Github\Platformer_Game\iGraphics.h(322,16): warning C4244: 'argument': conversion from 'double' to 'GLfloat', possible loss of data
D:\Github\Platformer_Game\iGraphics.h(323,20): warning C4244: 'argument': conversion from 'double' to 'GLfloat', possible loss of data
D:\Github\Platformer_Game\iGraphics.h(323,16): warning C4244: 'argument': conversion from 'double' to 'GLfloat', possible loss of data
D:\Github\Platformer_Game\iGraphics.h(324,20): warning C4244: 'argument': conversion from 'double' to 'GLfloat', possible loss of data
D:\Github\Platformer_Game\iGraphics.h(324,16): warning C4244: 'argument': conversion from 'double' to 'GLfloat', possible loss of data
D:\Github\Platformer_Game\iGraphics.h(331,20): warning C4244: 'argument': conversion from 'double' to 'GLfloat', possible loss of data
D:\Github\Platformer_Game\iGraphics.h(331,16): warning C4244: 'argument': conversion from 'double' to 'GLfloat', possible loss of data
D:\Github\Platformer_Game\iGraphics.h(332,20): warning C4244: 'argument': conversion from 'double' to 'GLfloat', possible loss of data
D:\Github\Platformer_Game\iGraphics.h(332,16): warning C4244: 'argument': conversion from 'double' to 'GLfloat', possible loss of data
D:\Github\Platformer_Game\iGraphics.h(333,20): warning C4244: 'argument': conversion from 'double' to 'GLfloat', possible loss of data
D:\Github\Platformer_Game\iGraphics.h(333,16): warning C4244: 'argument': conversion from 'double' to 'GLfloat', possible loss of data
D:\Github\Platformer_Game\iGraphics.h(343,35): warning C4244: 'argument': conversion from 'double' to 'GLfloat', possible loss of data
D:\Github\Platformer_Game\iGraphics.h(343,19): warning C4244: 'argument': conversion from 'double' to 'GLfloat', possible loss of data
D:\Github\Platformer_Game\iGraphics.h(350,16): warning C4244: 'argument': conversion from 'int' to 'GLfloat', possible loss of data
D:\Github\Platformer_Game\iGraphics.h(352,18): warning C4244: 'argument': conversion from 'double' to 'GLfloat', possible loss of data
D:\Github\Platformer_Game\iGraphics.h(352,15): warning C4244: 'argument': conversion from 'double' to 'GLfloat', possible loss of data
D:\Github\Platformer_Game\iGraphics.h(359,16): warning C4244: 'argument': conversion from 'double' to 'GLfloat', possible loss of data
D:\Github\Platformer_Game\iGraphics.h(361,19): warning C4244: 'argument': conversion from 'double' to 'GLfloat', possible loss of data
D:\Github\Platformer_Game\iGraphics.h(361,15): warning C4244: 'argument': conversion from 'double' to 'GLfloat', possible loss of data
D:\Github\Platformer_Game\iGraphics.h(362,19): warning C4244: 'argument': conversion from 'double' to 'GLfloat', possible loss of data
D:\Github\Platformer_Game\iGraphics.h(362,15): warning C4244: 'argument': conversion from 'double' to 'GLfloat', possible loss of data
D:\Github\Platformer_Game\iGraphics.h(372,16): warning C4244: 'argument': conversion from 'double' to 'GLfloat', possible loss of data
D:\Github\Platformer_Game\iGraphics.h(375,25): warning C4244: 'argument': conversion from 'double' to 'GLfloat', possible loss of data
D:\Github\Platformer_Game\iGraphics.h(375,19): warning C4244: 'argument': conversion from 'double' to 'GLfloat', possible loss of data
D:\Github\Platformer_Game\iGraphics.h(377,24): warning C4244: 'argument': conversion from 'double' to 'GLfloat', possible loss of data
D:\Github\Platformer_Game\iGraphics.h(377,18): warning C4244: 'argument': conversion from 'double' to 'GLfloat', possible loss of data
D:\Github\Platformer_Game\iGraphics.h(383,16): warning C4244: 'argument': conversion from 'double' to 'GLfloat', possible loss of data
D:\Github\Platformer_Game\iGraphics.h(385,19): warning C4244: 'argument': conversion from 'double' to 'GLfloat', possible loss of data
D:\Github\Platformer_Game\iGraphics.h(385,15): warning C4244: 'argument': conversion from 'double' to 'GLfloat', possible loss of data
D:\Github\Platformer_Game\iGraphics.h(386,19): warning C4244: 'argument': conversion from 'double' to 'GLfloat', possible loss of data
D:\Github\Platformer_Game\iGraphics.h(386,15): warning C4244: 'argument': conversion from 'double' to 'GLfloat', possible loss of data
D:\Github\Platformer_Game\iGraphics.h(387,19): warning C4244: 'argument': conversion from 'double' to 'GLfloat', possible loss of data
D:\Github\Platformer_Game\iGraphics.h(387,15): warning C4244: 'argument': conversion from 'double' to 'GLfloat', possible loss of data
D:\Github\Platformer_Game\iGraphics.h(399,16): warning C4244: 'argument': conversion from 'double' to 'GLfloat', possible loss of data
D:\Github\Platformer_Game\iGraphics.h(401,19): warning C4244: 'argument': conversion from 'double' to 'GLfloat', possible loss of data
D:\Github\Platformer_Game\iGraphics.h(401,15): warning C4244: 'argument': conversion from 'double' to 'GLfloat', possible loss of data
D:\Github\Platformer_Game\iGraphics.h(402,19): warning C4244: 'argument': conversion from 'double' to 'GLfloat', possible loss of data
D:\Github\Platformer_Game\iGraphics.h(402,15): warning C4244: 'argument': conversion from 'double' to 'GLfloat', possible loss of data
D:\Github\Platformer_Game\iGraphics.h(403,19): warning C4244: 'argument': conversion from 'double' to 'GLfloat', possible loss of data
D:\Github\Platformer_Game\iGraphics.h(403,15): warning C4244: 'argument': conversion from 'double' to 'GLfloat', possible loss of data
D:\Github\Platformer_Game\iGraphics.h(404,19): warning C4244: 'argument': conversion from 'double' to 'GLfloat', possible loss of data
D:\Github\Platformer_Game\iGraphics.h(404,15): warning C4244: 'argument': conversion from 'double' to 'GLfloat', possible loss of data
D:\Github\Platformer_Game\iGraphics.h(405,19): warning C4244: 'argument': conversion from 'double' to 'GLfloat', possible loss of data
D:\Github\Platformer_Game\iGraphics.h(405,15): warning C4244: 'argument': conversion from 'double' to 'GLfloat', possible loss of data
D:\Github\Platformer_Game\iGraphics.h(414,16): warning C4244: 'argument': conversion from 'double' to 'GLfloat', possible loss of data
D:\Github\Platformer_Game\iGraphics.h(418,34): warning C4244: 'argument': conversion from 'double' to 'GLfloat', possible loss of data
D:\Github\Platformer_Game\iGraphics.h(418,18): warning C4244: 'argument': conversion from 'double' to 'GLfloat', possible loss of data
D:\Github\Platformer_Game\iGraphics.h(427,12): warning C4244: '=': conversion from 'time_t' to 'int', possible loss of data
D:\Github\Platformer_Game\iGraphics.h(429,13): warning C4244: '=': conversion from 'time_t' to 'int', possible loss of data
D:\Github\Platformer_Game\iGraphics.h(442,19): warning C4244: 'argument': conversion from 'double' to 'GLfloat', possible loss of data
D:\Github\Platformer_Game\iGraphics.h(442,16): warning C4244: 'argument': conversion from 'double' to 'GLfloat', possible loss of data
D:\Github\Platformer_Game\iGraphics.h(445,13): warning C4244: 'argument': conversion from 'double' to 'GLfloat', possible loss of data
D:\Github\Platformer_Game\iGraphics.h(448,20): warning C4244: 'argument': conversion from 'double' to 'GLfloat', possible loss of data
D:\Github\Platformer_Game\iGraphics.h(448,16): warning C4244: 'argument': conversion from 'double' to 'GLfloat', possible loss of data
D:\Github\Platformer_Game\PlayerManager.cpp(24,28): warning C4244: 'argument': conversion from 'float' to 'int', possible loss of data
D:\Github\Platformer_Game\PlayerManager.cpp(24,23): warning C4244: 'argument': conversion from 'float' to 'int', possible loss of data
D:\Github\Platformer_Game\PlayerManager.cpp(35,28): warning C4244: 'argument': conversion from 'float' to 'int', possible loss of data
D:\Github\Platformer_Game\PlayerManager.cpp(35,23): warning C4244: 'argument': conversion from 'float' to 'int', possible loss of data
D:\Github\Platformer_Game\PlayerManager.cpp(45,45): warning C4244: 'argument': conversion from 'float' to 'int', possible loss of data
D:\Github\Platformer_Game\PlayerManager.cpp(45,25): warning C4244: 'argument': conversion from 'float' to 'int', possible loss of data
D:\Github\Platformer_Game\PlayerManager.cpp(55,45): warning C4244: 'argument': conversion from 'float' to 'int', possible loss of data
D:\Github\Platformer_Game\PlayerManager.cpp(55,25): warning C4244: 'argument': conversion from 'float' to 'int', possible loss of data
  TilesManager.cpp
D:\Github\Platformer_Game\iGraphics.h(23,54): warning C4244: 'argument': conversion from 'double' to 'GLclampf', possible loss of data
D:\Github\Platformer_Game\iGraphics.h(23,39): warning C4244: 'argument': conversion from 'double' to 'GLclampf', possible loss of data
D:\Github\Platformer_Game\iGraphics.h(23,24): warning C4244: 'argument': conversion from 'double' to 'GLclampf', possible loss of data
D:\Github\Platformer_Game\iGraphics.h(92,22): warning C4244: 'argument': conversion from 'double' to 'int', possible loss of data
D:\Github\Platformer_Game\iGraphics.h(92,19): warning C4244: 'argument': conversion from 'double' to 'int', possible loss of data
D:\Github\Platformer_Game\iGraphics.h(96,28): warning C4244: 'argument': conversion from 'double' to 'int', possible loss of data
D:\Github\Platformer_Game\iGraphics.h(96,19): warning C4244: 'argument': conversion from 'double' to 'int', possible loss of data
D:\Github\Platformer_Game\iGraphics.h(100,14): warning C4244: '=': conversion from 'double' to 'int', possible loss of data
D:\Github\Platformer_Game\iGraphics.h(104,14): warning C4244: '=': conversion from 'double' to 'int', possible loss of data
D:\Github\Platformer_Game\iGraphics.h(108,22): warning C4244: 'argument': conversion from 'double' to 'int', possible loss of data
D:\Github\Platformer_Game\iGraphics.h(108,19): warning C4244: 'argument': conversion from 'double' to 'int', possible loss of data
D:\Github\Platformer_Game\iGraphics.h(117,10): warning C4244: 'initializing': conversion from 'double' to 'int', possible loss of data
D:\Github\Platformer_Game\iGraphics.h(117,31): warning C4244: 'initializing': conversion from 'double' to 'int', possible loss of data
D:\Github\Platformer_Game\iGraphics.h(176,23): warning C4244: 'argument': conversion from 'double' to 'int', possible loss of data
D:\Github\Platformer_Game\iGraphics.h(176,14): warning C4244: 'argument': conversion from 'double' to 'int', possible loss of data
D:\Github\Platformer_Game\iGraphics.h(185,23): warning C4244: 'argument': conversion from 'double' to 'int', possible loss of data
D:\Github\Platformer_Game\iGraphics.h(185,14): warning C4244: 'argument': conversion from 'double' to 'int', possible loss of data
D:\Github\Platformer_Game\iGraphics.h(193,39): warning C4244: 'argument': conversion from 'double' to 'int', possible loss of data
D:\Github\Platformer_Game\iGraphics.h(193,30): warning C4244: 'argument': conversion from 'double' to 'int', possible loss of data
D:\Github\Platformer_Game\iGraphics.h(216,20): warning C4244: 'argument': conversion from 'double' to 'GLfloat', possible loss of data
D:\Github\Platformer_Game\iGraphics.h(216,17): warning C4244: 'argument': conversion from 'double' to 'GLfloat', possible loss of data
D:\Github\Platformer_Game\iGraphics.h(247,20): warning C4244: 'argument': conversion from 'double' to 'GLfloat', possible loss of data
D:\Github\Platformer_Game\iGraphics.h(247,17): warning C4244: 'argument': conversion from 'double' to 'GLfloat', possible loss of data
D:\Github\Platformer_Game\iGraphics.h(247,14): warning C4244: 'argument': conversion from 'double' to 'GLfloat', possible loss of data
D:\Github\Platformer_Game\iGraphics.h(263,20): warning C4244: 'argument': conversion from 'double' to 'GLfloat', possible loss of data
D:\Github\Platformer_Game\iGraphics.h(263,17): warning C4244: 'argument': conversion from 'double' to 'GLfloat', possible loss of data
D:\Github\Platformer_Game\iGraphics.h(263,14): warning C4244: 'argument': conversion from 'double' to 'GLfloat', possible loss of data
D:\Github\Platformer_Game\iGraphics.h(279,23): warning C4244: 'argument': conversion from 'double' to 'GLfloat', possible loss of data
D:\Github\Platformer_Game\iGraphics.h(279,20): warning C4244: 'argument': conversion from 'double' to 'GLfloat', possible loss of data
D:\Github\Platformer_Game\iGraphics.h(279,17): warning C4244: 'argument': conversion from 'double' to 'GLfloat', possible loss of data
D:\Github\Platformer_Game\iGraphics.h(279,14): warning C4244: 'argument': conversion from 'double' to 'GLfloat', possible loss of data
D:\Github\Platformer_Game\iGraphics.h(294,23): warning C4244: 'argument': conversion from 'double' to 'GLfloat', possible loss of data
D:\Github\Platformer_Game\iGraphics.h(294,20): warning C4244: 'argument': conversion from 'double' to 'GLfloat', possible loss of data
D:\Github\Platformer_Game\iGraphics.h(294,17): warning C4244: 'argument': conversion from 'double' to 'GLfloat', possible loss of data
D:\Github\Platformer_Game\iGraphics.h(294,14): warning C4244: 'argument': conversion from 'double' to 'GLfloat', possible loss of data
D:\Github\Platformer_Game\iGraphics.h(308,26): warning C4244: 'argument': conversion from 'double' to 'GLfloat', possible loss of data
D:\Github\Platformer_Game\iGraphics.h(308,20): warning C4244: 'argument': conversion from 'double' to 'GLfloat', possible loss of data
D:\Github\Platformer_Game\iGraphics.h(321,20): warning C4244: 'argument': conversion from 'double' to 'GLfloat', possible loss of data
D:\Github\Platformer_Game\iGraphics.h(321,16): warning C4244: 'argument': conversion from 'double' to 'GLfloat', possible loss of data
D:\Github\Platformer_Game\iGraphics.h(322,20): warning C4244: 'argument': conversion from 'double' to 'GLfloat', possible loss of data
D:\Github\Platformer_Game\iGraphics.h(322,16): warning C4244: 'argument': conversion from 'double' to 'GLfloat', possible loss of data
D:\Github\Platformer_Game\iGraphics.h(323,20): warning C4244: 'argument': conversion from 'double' to 'GLfloat', possible loss of data
D:\Github\Platformer_Game\iGraphics.h(323,16): warning C4244: 'argument': conversion from 'double' to 'GLfloat', possible loss of data
D:\Github\Platformer_Game\iGraphics.h(324,20): warning C4244: 'argument': conversion from 'double' to 'GLfloat', possible loss of data
D:\Github\Platformer_Game\iGraphics.h(324,16): warning C4244: 'argument': conversion from 'double' to 'GLfloat', possible loss of data
D:\Github\Platformer_Game\iGraphics.h(331,20): warning C4244: 'argument': conversion from 'double' to 'GLfloat', possible loss of data
D:\Github\Platformer_Game\iGraphics.h(331,16): warning C4244: 'argument': conversion from 'double' to 'GLfloat', possible loss of data
D:\Github\Platformer_Game\iGraphics.h(332,20): warning C4244: 'argument': conversion from 'double' to 'GLfloat', possible loss of data
D:\Github\Platformer_Game\iGraphics.h(332,16): warning C4244: 'argument': conversion from 'double' to 'GLfloat', possible loss of data
D:\Github\Platformer_Game\iGraphics.h(333,20): warning C4244: 'argument': conversion from 'double' to 'GLfloat', possible loss of data
D:\Github\Platformer_Game\iGraphics.h(333,16): warning C4244: 'argument': conversion from 'double' to 'GLfloat', possible loss of data
D:\Github\Platformer_Game\iGraphics.h(343,35): warning C4244: 'argument': conversion from 'double' to 'GLfloat', possible loss of data
D:\Github\Platformer_Game\iGraphics.h(343,19): warning C4244: 'argument': conversion from 'double' to 'GLfloat', possible loss of data
D:\Github\Platformer_Game\iGraphics.h(350,16): warning C4244: 'argument': conversion from 'int' to 'GLfloat', possible loss of data
D:\Github\Platformer_Game\iGraphics.h(352,18): warning C4244: 'argument': conversion from 'double' to 'GLfloat', possible loss of data
D:\Github\Platformer_Game\iGraphics.h(352,15): warning C4244: 'argument': conversion from 'double' to 'GLfloat', possible loss of data
D:\Github\Platformer_Game\iGraphics.h(359,16): warning C4244: 'argument': conversion from 'double' to 'GLfloat', possible loss of data
D:\Github\Platformer_Game\iGraphics.h(361,19): warning C4244: 'argument': conversion from 'double' to 'GLfloat', possible loss of data
D:\Github\Platformer_Game\iGraphics.h(361,15): warning C4244: 'argument': conversion from 'double' to 'GLfloat', possible loss of data
D:\Github\Platformer_Game\iGraphics.h(362,19): warning C4244: 'argument': conversion from 'double' to 'GLfloat', possible loss of data
D:\Github\Platformer_Game\iGraphics.h(362,15): warning C4244: 'argument': conversion from 'double' to 'GLfloat', possible loss of data
D:\Github\Platformer_Game\iGraphics.h(372,16): warning C4244: 'argument': conversion from 'double' to 'GLfloat', possible loss of data
D:\Github\Platformer_Game\iGraphics.h(375,25): warning C4244: 'argument': conversion from 'double' to 'GLfloat', possible loss of data
D:\Github\Platformer_Game\iGraphics.h(375,19): warning C4244: 'argument': conversion from 'double' to 'GLfloat', possible loss of data
D:\Github\Platformer_Game\iGraphics.h(377,24): warning C4244: 'argument': conversion from 'double' to 'GLfloat', possible loss of data
D:\Github\Platformer_Game\iGraphics.h(377,18): warning C4244: 'argument': conversion from 'double' to 'GLfloat', possible loss of data
D:\Github\Platformer_Game\iGraphics.h(383,16): warning C4244: 'argument': conversion from 'double' to 'GLfloat', possible loss of data
D:\Github\Platformer_Game\iGraphics.h(385,19): warning C4244: 'argument': conversion from 'double' to 'GLfloat', possible loss of data
D:\Github\Platformer_Game\iGraphics.h(385,15): warning C4244: 'argument': conversion from 'double' to 'GLfloat', possible loss of data
D:\Github\Platformer_Game\iGraphics.h(386,19): warning C4244: 'argument': conversion from 'double' to 'GLfloat', possible loss of data
D:\Github\Platformer_Game\iGraphics.h(386,15): warning C4244: 'argument': conversion from 'double' to 'GLfloat', possible loss of data
D:\Github\Platformer_Game\iGraphics.h(387,19): warning C4244: 'argument': conversion from 'double' to 'GLfloat', possible loss of data
D:\Github\Platformer_Game\iGraphics.h(387,15): warning C4244: 'argument': conversion from 'double' to 'GLfloat', possible loss of data
D:\Github\Platformer_Game\iGraphics.h(399,16): warning C4244: 'argument': conversion from 'double' to 'GLfloat', possible loss of data
D:\Github\Platformer_Game\iGraphics.h(401,19): warning C4244: 'argument': conversion from 'double' to 'GLfloat', possible loss of data
D:\Github\Platformer_Game\iGraphics.h(401,15): warning C4244: 'argument': conversion from 'double' to 'GLfloat', possible loss of data
D:\Github\Platformer_Game\iGraphics.h(402,19): warning C4244: 'argument': conversion from 'double' to 'GLfloat', possible loss of data
D:\Github\Platformer_Game\iGraphics.h(402,15): warning C4244: 'argument': conversion from 'double' to 'GLfloat', possible loss of data
D:\Github\Platformer_Game\iGraphics.h(403,19): warning C4244: 'argument': conversion from 'double' to 'GLfloat', possible loss of data
D:\Github\Platformer_Game\iGraphics.h(403,15): warning C4244: 'argument': conversion from 'double' to 'GLfloat', possible loss of data
D:\Github\Platformer_Game\iGraphics.h(404,19): warning C4244: 'argument': conversion from 'double' to 'GLfloat', possible loss of data
D:\Github\Platformer_Game\iGraphics.h(404,15): warning C4244: 'argument': conversion from 'double' to 'GLfloat', possible loss of data
D:\Github\Platformer_Game\iGraphics.h(405,19): warning C4244: 'argument': conversion from 'double' to 'GLfloat', possible loss of data
D:\Github\Platformer_Game\iGraphics.h(405,15): warning C4244: 'argument': conversion from 'double' to 'GLfloat', possible loss of data
D:\Github\Platformer_Game\iGraphics.h(414,16): warning C4244: 'argument': conversion from 'double' to 'GLfloat', possible loss of data
D:\Github\Platformer_Game\iGraphics.h(418,34): warning C4244: 'argument': conversion from 'double' to 'GLfloat', possible loss of data
D:\Github\Platformer_Game\iGraphics.h(418,18): warning C4244: 'argument': conversion from 'double' to 'GLfloat', possible loss of data
D:\Github\Platformer_Game\iGraphics.h(427,12): warning C4244: '=': conversion from 'time_t' to 'int', possible loss of data
D:\Github\Platformer_Game\iGraphics.h(429,13): warning C4244: '=': conversion from 'time_t' to 'int', possible loss of data
D:\Github\Platformer_Game\iGraphics.h(442,19): warning C4244: 'argument': conversion from 'double' to 'GLfloat', possible loss of data
D:\Github\Platformer_Game\iGraphics.h(442,16): warning C4244: 'argument': conversion from 'double' to 'GLfloat', possible loss of data
D:\Github\Platformer_Game\iGraphics.h(445,13): warning C4244: 'argument': conversion from 'double' to 'GLfloat', possible loss of data
D:\Github\Platformer_Game\iGraphics.h(448,20): warning C4244: 'argument': conversion from 'double' to 'GLfloat', possible loss of data
D:\Github\Platformer_Game\iGraphics.h(448,16): warning C4244: 'argument': conversion from 'double' to 'GLfloat', possible loss of data
D:\Github\Platformer_Game\TilesManager.cpp(16,35): warning C4244: '=': conversion from 'float' to 'int', possible loss of data
D:\Github\Platformer_Game\TilesManager.cpp(17,36): warning C4244: '=': conversion from 'float' to 'int', possible loss of data
  draw.cpp
D:\Github\Platformer_Game\iGraphics.h(23,54): warning C4244: 'argument': conversion from 'double' to 'GLclampf', possible loss of data
D:\Github\Platformer_Game\iGraphics.h(23,39): warning C4244: 'argument': conversion from 'double' to 'GLclampf', possible loss of data
D:\Github\Platformer_Game\iGraphics.h(23,24): warning C4244: 'argument': conversion from 'double' to 'GLclampf', possible loss of data
D:\Github\Platformer_Game\iGraphics.h(92,22): warning C4244: 'argument': conversion from 'double' to 'int', possible loss of data
D:\Github\Platformer_Game\iGraphics.h(92,19): warning C4244: 'argument': conversion from 'double' to 'int', possible loss of data
D:\Github\Platformer_Game\iGraphics.h(96,28): warning C4244: 'argument': conversion from 'double' to 'int', possible loss of data
D:\Github\Platformer_Game\iGraphics.h(96,19): warning C4244: 'argument': conversion from 'double' to 'int', possible loss of data
D:\Github\Platformer_Game\iGraphics.h(100,14): warning C4244: '=': conversion from 'double' to 'int', possible loss of data
D:\Github\Platformer_Game\iGraphics.h(104,14): warning C4244: '=': conversion from 'double' to 'int', possible loss of data
D:\Github\Platformer_Game\iGraphics.h(108,22): warning C4244: 'argument': conversion from 'double' to 'int', possible loss of data
D:\Github\Platformer_Game\iGraphics.h(108,19): warning C4244: 'argument': conversion from 'double' to 'int', possible loss of data
D:\Github\Platformer_Game\iGraphics.h(117,10): warning C4244: 'initializing': conversion from 'double' to 'int', possible loss of data
D:\Github\Platformer_Game\iGraphics.h(117,31): warning C4244: 'initializing': conversion from 'double' to 'int', possible loss of data
D:\Github\Platformer_Game\iGraphics.h(176,23): warning C4244: 'argument': conversion from 'double' to 'int', possible loss of data
D:\Github\Platformer_Game\iGraphics.h(176,14): warning C4244: 'argument': conversion from 'double' to 'int', possible loss of data
D:\Github\Platformer_Game\iGraphics.h(185,23): warning C4244: 'argument': conversion from 'double' to 'int', possible loss of data
D:\Github\Platformer_Game\iGraphics.h(185,14): warning C4244: 'argument': conversion from 'double' to 'int', possible loss of data
D:\Github\Platformer_Game\iGraphics.h(193,39): warning C4244: 'argument': conversion from 'double' to 'int', possible loss of data
D:\Github\Platformer_Game\iGraphics.h(193,30): warning C4244: 'argument': conversion from 'double' to 'int', possible loss of data
D:\Github\Platformer_Game\iGraphics.h(216,20): warning C4244: 'argument': conversion from 'double' to 'GLfloat', possible loss of data
D:\Github\Platformer_Game\iGraphics.h(216,17): warning C4244: 'argument': conversion from 'double' to 'GLfloat', possible loss of data
D:\Github\Platformer_Game\iGraphics.h(247,20): warning C4244: 'argument': conversion from 'double' to 'GLfloat', possible loss of data
D:\Github\Platformer_Game\iGraphics.h(247,17): warning C4244: 'argument': conversion from 'double' to 'GLfloat', possible loss of data
D:\Github\Platformer_Game\iGraphics.h(247,14): warning C4244: 'argument': conversion from 'double' to 'GLfloat', possible loss of data
D:\Github\Platformer_Game\iGraphics.h(263,20): warning C4244: 'argument': conversion from 'double' to 'GLfloat', possible loss of data
D:\Github\Platformer_Game\iGraphics.h(263,17): warning C4244: 'argument': conversion from 'double' to 'GLfloat', possible loss of data
D:\Github\Platformer_Game\iGraphics.h(263,14): warning C4244: 'argument': conversion from 'double' to 'GLfloat', possible loss of data
D:\Github\Platformer_Game\iGraphics.h(279,23): warning C4244: 'argument': conversion from 'double' to 'GLfloat', possible loss of data
D:\Github\Platformer_Game\iGraphics.h(279,20): warning C4244: 'argument': conversion from 'double' to 'GLfloat', possible loss of data
D:\Github\Platformer_Game\iGraphics.h(279,17): warning C4244: 'argument': conversion from 'double' to 'GLfloat', possible loss of data
D:\Github\Platformer_Game\iGraphics.h(279,14): warning C4244: 'argument': conversion from 'double' to 'GLfloat', possible loss of data
D:\Github\Platformer_Game\iGraphics.h(294,23): warning C4244: 'argument': conversion from 'double' to 'GLfloat', possible loss of data
D:\Github\Platformer_Game\iGraphics.h(294,20): warning C4244: 'argument': conversion from 'double' to 'GLfloat', possible loss of data
D:\Github\Platformer_Game\iGraphics.h(294,17): warning C4244: 'argument': conversion from 'double' to 'GLfloat', possible loss of data
D:\Github\Platformer_Game\iGraphics.h(294,14): warning C4244: 'argument': conversion from 'double' to 'GLfloat', possible loss of data
D:\Github\Platformer_Game\iGraphics.h(308,26): warning C4244: 'argument': conversion from 'double' to 'GLfloat', possible loss of data
D:\Github\Platformer_Game\iGraphics.h(308,20): warning C4244: 'argument': conversion from 'double' to 'GLfloat', possible loss of data
D:\Github\Platformer_Game\iGraphics.h(321,20): warning C4244: 'argument': conversion from 'double' to 'GLfloat', possible loss of data
D:\Github\Platformer_Game\iGraphics.h(321,16): warning C4244: 'argument': conversion from 'double' to 'GLfloat', possible loss of data
D:\Github\Platformer_Game\iGraphics.h(322,20): warning C4244: 'argument': conversion from 'double' to 'GLfloat', possible loss of data
D:\Github\Platformer_Game\iGraphics.h(322,16): warning C4244: 'argument': conversion from 'double' to 'GLfloat', possible loss of data
D:\Github\Platformer_Game\iGraphics.h(323,20): warning C4244: 'argument': conversion from 'double' to 'GLfloat', possible loss of data
D:\Github\Platformer_Game\iGraphics.h(323,16): warning C4244: 'argument': conversion from 'double' to 'GLfloat', possible loss of data
D:\Github\Platformer_Game\iGraphics.h(324,20): warning C4244: 'argument': conversion from 'double' to 'GLfloat', possible loss of data
D:\Github\Platformer_Game\iGraphics.h(324,16): warning C4244: 'argument': conversion from 'double' to 'GLfloat', possible loss of data
D:\Github\Platformer_Game\iGraphics.h(331,20): warning C4244: 'argument': conversion from 'double' to 'GLfloat', possible loss of data
D:\Github\Platformer_Game\iGraphics.h(331,16): warning C4244: 'argument': conversion from 'double' to 'GLfloat', possible loss of data
D:\Github\Platformer_Game\iGraphics.h(332,20): warning C4244: 'argument': conversion from 'double' to 'GLfloat', possible loss of data
D:\Github\Platformer_Game\iGraphics.h(332,16): warning C4244: 'argument': conversion from 'double' to 'GLfloat', possible loss of data
D:\Github\Platformer_Game\iGraphics.h(333,20): warning C4244: 'argument': conversion from 'double' to 'GLfloat', possible loss of data
D:\Github\Platformer_Game\iGraphics.h(333,16): warning C4244: 'argument': conversion from 'double' to 'GLfloat', possible loss of data
D:\Github\Platformer_Game\iGraphics.h(343,35): warning C4244: 'argument': conversion from 'double' to 'GLfloat', possible loss of data
D:\Github\Platformer_Game\iGraphics.h(343,19): warning C4244: 'argument': conversion from 'double' to 'GLfloat', possible loss of data
D:\Github\Platformer_Game\iGraphics.h(350,16): warning C4244: 'argument': conversion from 'int' to 'GLfloat', possible loss of data
D:\Github\Platformer_Game\iGraphics.h(352,18): warning C4244: 'argument': conversion from 'double' to 'GLfloat', possible loss of data
D:\Github\Platformer_Game\iGraphics.h(352,15): warning C4244: 'argument': conversion from 'double' to 'GLfloat', possible loss of data
D:\Github\Platformer_Game\iGraphics.h(359,16): warning C4244: 'argument': conversion from 'double' to 'GLfloat', possible loss of data
D:\Github\Platformer_Game\iGraphics.h(361,19): warning C4244: 'argument': conversion from 'double' to 'GLfloat', possible loss of data
D:\Github\Platformer_Game\iGraphics.h(361,15): warning C4244: 'argument': conversion from 'double' to 'GLfloat', possible loss of data
D:\Github\Platformer_Game\iGraphics.h(362,19): warning C4244: 'argument': conversion from 'double' to 'GLfloat', possible loss of data
D:\Github\Platformer_Game\iGraphics.h(362,15): warning C4244: 'argument': conversion from 'double' to 'GLfloat', possible loss of data
D:\Github\Platformer_Game\iGraphics.h(372,16): warning C4244: 'argument': conversion from 'double' to 'GLfloat', possible loss of data
D:\Github\Platformer_Game\iGraphics.h(375,25): warning C4244: 'argument': conversion from 'double' to 'GLfloat', possible loss of data
D:\Github\Platformer_Game\iGraphics.h(375,19): warning C4244: 'argument': conversion from 'double' to 'GLfloat', possible loss of data
D:\Github\Platformer_Game\iGraphics.h(377,24): warning C4244: 'argument': conversion from 'double' to 'GLfloat', possible loss of data
D:\Github\Platformer_Game\iGraphics.h(377,18): warning C4244: 'argument': conversion from 'double' to 'GLfloat', possible loss of data
D:\Github\Platformer_Game\iGraphics.h(383,16): warning C4244: 'argument': conversion from 'double' to 'GLfloat', possible loss of data
D:\Github\Platformer_Game\iGraphics.h(385,19): warning C4244: 'argument': conversion from 'double' to 'GLfloat', possible loss of data
D:\Github\Platformer_Game\iGraphics.h(385,15): warning C4244: 'argument': conversion from 'double' to 'GLfloat', possible loss of data
D:\Github\Platformer_Game\iGraphics.h(386,19): warning C4244: 'argument': conversion from 'double' to 'GLfloat', possible loss of data
D:\Github\Platformer_Game\iGraphics.h(386,15): warning C4244: 'argument': conversion from 'double' to 'GLfloat', possible loss of data
D:\Github\Platformer_Game\iGraphics.h(387,19): warning C4244: 'argument': conversion from 'double' to 'GLfloat', possible loss of data
D:\Github\Platformer_Game\iGraphics.h(387,15): warning C4244: 'argument': conversion from 'double' to 'GLfloat', possible loss of data
D:\Github\Platformer_Game\iGraphics.h(399,16): warning C4244: 'argument': conversion from 'double' to 'GLfloat', possible loss of data
D:\Github\Platformer_Game\iGraphics.h(401,19): warning C4244: 'argument': conversion from 'double' to 'GLfloat', possible loss of data
D:\Github\Platformer_Game\iGraphics.h(401,15): warning C4244: 'argument': conversion from 'double' to 'GLfloat', possible loss of data
D:\Github\Platformer_Game\iGraphics.h(402,19): warning C4244: 'argument': conversion from 'double' to 'GLfloat', possible loss of data
D:\Github\Platformer_Game\iGraphics.h(402,15): warning C4244: 'argument': conversion from 'double' to 'GLfloat', possible loss of data
D:\Github\Platformer_Game\iGraphics.h(403,19): warning C4244: 'argument': conversion from 'double' to 'GLfloat', possible loss of data
D:\Github\Platformer_Game\iGraphics.h(403,15): warning C4244: 'argument': conversion from 'double' to 'GLfloat', possible loss of data
D:\Github\Platformer_Game\iGraphics.h(404,19): warning C4244: 'argument': conversion from 'double' to 'GLfloat', possible loss of data
D:\Github\Platformer_Game\iGraphics.h(404,15): warning C4244: 'argument': conversion from 'double' to 'GLfloat', possible loss of data
D:\Github\Platformer_Game\iGraphics.h(405,19): warning C4244: 'argument': conversion from 'double' to 'GLfloat', possible loss of data
D:\Github\Platformer_Game\iGraphics.h(405,15): warning C4244: 'argument': conversion from 'double' to 'GLfloat', possible loss of data
D:\Github\Platformer_Game\iGraphics.h(414,16): warning C4244: 'argument': conversion from 'double' to 'GLfloat', possible loss of data
D:\Github\Platformer_Game\iGraphics.h(418,34): warning C4244: 'argument': conversion from 'double' to 'GLfloat', possible loss of data
D:\Github\Platformer_Game\iGraphics.h(418,18): warning C4244: 'argument': conversion from 'double' to 'GLfloat', possible loss of data
D:\Github\Platformer_Game\iGraphics.h(427,12): warning C4244: '=': conversion from 'time_t' to 'int', possible loss of data
D:\Github\Platformer_Game\iGraphics.h(429,13): warning C4244: '=': conversion from 'time_t' to 'int', possible loss of data
D:\Github\Platformer_Game\iGraphics.h(442,19): warning C4244: 'argument': conversion from 'double' to 'GLfloat', possible loss of data
D:\Github\Platformer_Game\iGraphics.h(442,16): warning C4244: 'argument': conversion from 'double' to 'GLfloat', possible loss of data
D:\Github\Platformer_Game\iGraphics.h(445,13): warning C4244: 'argument': conversion from 'double' to 'GLfloat', possible loss of data
D:\Github\Platformer_Game\iGraphics.h(448,20): warning C4244: 'argument': conversion from 'double' to 'GLfloat', possible loss of data
D:\Github\Platformer_Game\iGraphics.h(448,16): warning C4244: 'argument': conversion from 'double' to 'GLfloat', possible loss of data
  igraphics.cpp
D:\Github\Platformer_Game\iGraphics.h(23,54): warning C4244: 'argument': conversion from 'double' to 'GLclampf', possible loss of data
D:\Github\Platformer_Game\iGraphics.h(23,39): warning C4244: 'argument': conversion from 'double' to 'GLclampf', possible loss of data
D:\Github\Platformer_Game\iGraphics.h(23,24): warning C4244: 'argument': conversion from 'double' to 'GLclampf', possible loss of data
D:\Github\Platformer_Game\iGraphics.h(92,22): warning C4244: 'argument': conversion from 'double' to 'int', possible loss of data
D:\Github\Platformer_Game\iGraphics.h(92,19): warning C4244: 'argument': conversion from 'double' to 'int', possible loss of data
D:\Github\Platformer_Game\iGraphics.h(96,28): warning C4244: 'argument': conversion from 'double' to 'int', possible loss of data
D:\Github\Platformer_Game\iGraphics.h(96,19): warning C4244: 'argument': conversion from 'double' to 'int', possible loss of data
D:\Github\Platformer_Game\iGraphics.h(100,14): warning C4244: '=': conversion from 'double' to 'int', possible loss of data
D:\Github\Platformer_Game\iGraphics.h(104,14): warning C4244: '=': conversion from 'double' to 'int', possible loss of data
D:\Github\Platformer_Game\iGraphics.h(108,22): warning C4244: 'argument': conversion from 'double' to 'int', possible loss of data
D:\Github\Platformer_Game\iGraphics.h(108,19): warning C4244: 'argument': conversion from 'double' to 'int', possible loss of data
D:\Github\Platformer_Game\iGraphics.h(117,10): warning C4244: 'initializing': conversion from 'double' to 'int', possible loss of data
D:\Github\Platformer_Game\iGraphics.h(117,31): warning C4244: 'initializing': conversion from 'double' to 'int', possible loss of data
D:\Github\Platformer_Game\iGraphics.h(176,23): warning C4244: 'argument': conversion from 'double' to 'int', possible loss of data
D:\Github\Platformer_Game\iGraphics.h(176,14): warning C4244: 'argument': conversion from 'double' to 'int', possible loss of data
D:\Github\Platformer_Game\iGraphics.h(185,23): warning C4244: 'argument': conversion from 'double' to 'int', possible loss of data
D:\Github\Platformer_Game\iGraphics.h(185,14): warning C4244: 'argument': conversion from 'double' to 'int', possible loss of data
D:\Github\Platformer_Game\iGraphics.h(193,39): warning C4244: 'argument': conversion from 'double' to 'int', possible loss of data
D:\Github\Platformer_Game\iGraphics.h(193,30): warning C4244: 'argument': conversion from 'double' to 'int', possible loss of data
D:\Github\Platformer_Game\iGraphics.h(216,20): warning C4244: 'argument': conversion from 'double' to 'GLfloat', possible loss of data
D:\Github\Platformer_Game\iGraphics.h(216,17): warning C4244: 'argument': conversion from 'double' to 'GLfloat', possible loss of data
D:\Github\Platformer_Game\iGraphics.h(247,20): warning C4244: 'argument': conversion from 'double' to 'GLfloat', possible loss of data
D:\Github\Platformer_Game\iGraphics.h(247,17): warning C4244: 'argument': conversion from 'double' to 'GLfloat', possible loss of data
D:\Github\Platformer_Game\iGraphics.h(247,14): warning C4244: 'argument': conversion from 'double' to 'GLfloat', possible loss of data
D:\Github\Platformer_Game\iGraphics.h(263,20): warning C4244: 'argument': conversion from 'double' to 'GLfloat', possible loss of data
D:\Github\Platformer_Game\iGraphics.h(263,17): warning C4244: 'argument': conversion from 'double' to 'GLfloat', possible loss of data
D:\Github\Platformer_Game\iGraphics.h(263,14): warning C4244: 'argument': conversion from 'double' to 'GLfloat', possible loss of data
D:\Github\Platformer_Game\iGraphics.h(279,23): warning C4244: 'argument': conversion from 'double' to 'GLfloat', possible loss of data
D:\Github\Platformer_Game\iGraphics.h(279,20): warning C4244: 'argument': conversion from 'double' to 'GLfloat', possible loss of data
D:\Github\Platformer_Game\iGraphics.h(279,17): warning C4244: 'argument': conversion from 'double' to 'GLfloat', possible loss of data
D:\Github\Platformer_Game\iGraphics.h(279,14): warning C4244: 'argument': conversion from 'double' to 'GLfloat', possible loss of data
D:\Github\Platformer_Game\iGraphics.h(294,23): warning C4244: 'argument': conversion from 'double' to 'GLfloat', possible loss of data
D:\Github\Platformer_Game\iGraphics.h(294,20): warning C4244: 'argument': conversion from 'double' to 'GLfloat', possible loss of data
D:\Github\Platformer_Game\iGraphics.h(294,17): warning C4244: 'argument': conversion from 'double' to 'GLfloat', possible loss of data
D:\Github\Platformer_Game\iGraphics.h(294,14): warning C4244: 'argument': conversion from 'double' to 'GLfloat', possible loss of data
D:\Github\Platformer_Game\iGraphics.h(308,26): warning C4244: 'argument': conversion from 'double' to 'GLfloat', possible loss of data
D:\Github\Platformer_Game\iGraphics.h(308,20): warning C4244: 'argument': conversion from 'double' to 'GLfloat', possible loss of data
D:\Github\Platformer_Game\iGraphics.h(321,20): warning C4244: 'argument': conversion from 'double' to 'GLfloat', possible loss of data
D:\Github\Platformer_Game\iGraphics.h(321,16): warning C4244: 'argument': conversion from 'double' to 'GLfloat', possible loss of data
D:\Github\Platformer_Game\iGraphics.h(322,20): warning C4244: 'argument': conversion from 'double' to 'GLfloat', possible loss of data
D:\Github\Platformer_Game\iGraphics.h(322,16): warning C4244: 'argument': conversion from 'double' to 'GLfloat', possible loss of data
D:\Github\Platformer_Game\iGraphics.h(323,20): warning C4244: 'argument': conversion from 'double' to 'GLfloat', possible loss of data
D:\Github\Platformer_Game\iGraphics.h(323,16): warning C4244: 'argument': conversion from 'double' to 'GLfloat', possible loss of data
D:\Github\Platformer_Game\iGraphics.h(324,20): warning C4244: 'argument': conversion from 'double' to 'GLfloat', possible loss of data
D:\Github\Platformer_Game\iGraphics.h(324,16): warning C4244: 'argument': conversion from 'double' to 'GLfloat', possible loss of data
D:\Github\Platformer_Game\iGraphics.h(331,20): warning C4244: 'argument': conversion from 'double' to 'GLfloat', possible loss of data
D:\Github\Platformer_Game\iGraphics.h(331,16): warning C4244: 'argument': conversion from 'double' to 'GLfloat', possible loss of data
D:\Github\Platformer_Game\iGraphics.h(332,20): warning C4244: 'argument': conversion from 'double' to 'GLfloat', possible loss of data
D:\Github\Platformer_Game\iGraphics.h(332,16): warning C4244: 'argument': conversion from 'double' to 'GLfloat', possible loss of data
D:\Github\Platformer_Game\iGraphics.h(333,20): warning C4244: 'argument': conversion from 'double' to 'GLfloat', possible loss of data
D:\Github\Platformer_Game\iGraphics.h(333,16): warning C4244: 'argument': conversion from 'double' to 'GLfloat', possible loss of data
D:\Github\Platformer_Game\iGraphics.h(343,35): warning C4244: 'argument': conversion from 'double' to 'GLfloat', possible loss of data
D:\Github\Platformer_Game\iGraphics.h(343,19): warning C4244: 'argument': conversion from 'double' to 'GLfloat', possible loss of data
D:\Github\Platformer_Game\iGraphics.h(350,16): warning C4244: 'argument': conversion from 'int' to 'GLfloat', possible loss of data
D:\Github\Platformer_Game\iGraphics.h(352,18): warning C4244: 'argument': conversion from 'double' to 'GLfloat', possible loss of data
D:\Github\Platformer_Game\iGraphics.h(352,15): warning C4244: 'argument': conversion from 'double' to 'GLfloat', possible loss of data
D:\Github\Platformer_Game\iGraphics.h(359,16): warning C4244: 'argument': conversion from 'double' to 'GLfloat', possible loss of data
D:\Github\Platformer_Game\iGraphics.h(361,19): warning C4244: 'argument': conversion from 'double' to 'GLfloat', possible loss of data
D:\Github\Platformer_Game\iGraphics.h(361,15): warning C4244: 'argument': conversion from 'double' to 'GLfloat', possible loss of data
D:\Github\Platformer_Game\iGraphics.h(362,19): warning C4244: 'argument': conversion from 'double' to 'GLfloat', possible loss of data
D:\Github\Platformer_Game\iGraphics.h(362,15): warning C4244: 'argument': conversion from 'double' to 'GLfloat', possible loss of data
D:\Github\Platformer_Game\iGraphics.h(372,16): warning C4244: 'argument': conversion from 'double' to 'GLfloat', possible loss of data
D:\Github\Platformer_Game\iGraphics.h(375,25): warning C4244: 'argument': conversion from 'double' to 'GLfloat', possible loss of data
D:\Github\Platformer_Game\iGraphics.h(375,19): warning C4244: 'argument': conversion from 'double' to 'GLfloat', possible loss of data
D:\Github\Platformer_Game\iGraphics.h(377,24): warning C4244: 'argument': conversion from 'double' to 'GLfloat', possible loss of data
D:\Github\Platformer_Game\iGraphics.h(377,18): warning C4244: 'argument': conversion from 'double' to 'GLfloat', possible loss of data
D:\Github\Platformer_Game\iGraphics.h(383,16): warning C4244: 'argument': conversion from 'double' to 'GLfloat', possible loss of data
D:\Github\Platformer_Game\iGraphics.h(385,19): warning C4244: 'argument': conversion from 'double' to 'GLfloat', possible loss of data
D:\Github\Platformer_Game\iGraphics.h(385,15): warning C4244: 'argument': conversion from 'double' to 'GLfloat', possible loss of data
D:\Github\Platformer_Game\iGraphics.h(386,19): warning C4244: 'argument': conversion from 'double' to 'GLfloat', possible loss of data
D:\Github\Platformer_Game\iGraphics.h(386,15): warning C4244: 'argument': conversion from 'double' to 'GLfloat', possible loss of data
D:\Github\Platformer_Game\iGraphics.h(387,19): warning C4244: 'argument': conversion from 'double' to 'GLfloat', possible loss of data
D:\Github\Platformer_Game\iGraphics.h(387,15): warning C4244: 'argument': conversion from 'double' to 'GLfloat', possible loss of data
D:\Github\Platformer_Game\iGraphics.h(399,16): warning C4244: 'argument': conversion from 'double' to 'GLfloat', possible loss of data
D:\Github\Platformer_Game\iGraphics.h(401,19): warning C4244: 'argument': conversion from 'double' to 'GLfloat', possible loss of data
D:\Github\Platformer_Game\iGraphics.h(401,15): warning C4244: 'argument': conversion from 'double' to 'GLfloat', possible loss of data
D:\Github\Platformer_Game\iGraphics.h(402,19): warning C4244: 'argument': conversion from 'double' to 'GLfloat', possible loss of data
D:\Github\Platformer_Game\iGraphics.h(402,15): warning C4244: 'argument': conversion from 'double' to 'GLfloat', possible loss of data
D:\Github\Platformer_Game\iGraphics.h(403,19): warning C4244: 'argument': conversion from 'double' to 'GLfloat', possible loss of data
D:\Github\Platformer_Game\iGraphics.h(403,15): warning C4244: 'argument': conversion from 'double' to 'GLfloat', possible loss of data
D:\Github\Platformer_Game\iGraphics.h(404,19): warning C4244: 'argument': conversion from 'double' to 'GLfloat', possible loss of data
D:\Github\Platformer_Game\iGraphics.h(404,15): warning C4244: 'argument': conversion from 'double' to 'GLfloat', possible loss of data
D:\Github\Platformer_Game\iGraphics.h(405,19): warning C4244: 'argument': conversion from 'double' to 'GLfloat', possible loss of data
D:\Github\Platformer_Game\iGraphics.h(405,15): warning C4244: 'argument': conversion from 'double' to 'GLfloat', possible loss of data
D:\Github\Platformer_Game\iGraphics.h(414,16): warning C4244: 'argument': conversion from 'double' to 'GLfloat', possible loss of data
D:\Github\Platformer_Game\iGraphics.h(418,34): warning C4244: 'argument': conversion from 'double' to 'GLfloat', possible loss of data
D:\Github\Platformer_Game\iGraphics.h(418,18): warning C4244: 'argument': conversion from 'double' to 'GLfloat', possible loss of data
D:\Github\Platformer_Game\iGraphics.h(427,12): warning C4244: '=': conversion from 'time_t' to 'int', possible loss of data
D:\Github\Platformer_Game\iGraphics.h(429,13): warning C4244: '=': conversion from 'time_t' to 'int', possible loss of data
D:\Github\Platformer_Game\iGraphics.h(442,19): warning C4244: 'argument': conversion from 'double' to 'GLfloat', possible loss of data
D:\Github\Platformer_Game\iGraphics.h(442,16): warning C4244: 'argument': conversion from 'double' to 'GLfloat', possible loss of data
D:\Github\Platformer_Game\iGraphics.h(445,13): warning C4244: 'argument': conversion from 'double' to 'GLfloat', possible loss of data
D:\Github\Platformer_Game\iGraphics.h(448,20): warning C4244: 'argument': conversion from 'double' to 'GLfloat', possible loss of data
D:\Github\Platformer_Game\iGraphics.h(448,16): warning C4244: 'argument': conversion from 'double' to 'GLfloat', possible loss of data
D:\Github\Platformer_Game\igraphics.cpp(28,21): warning C4244: 'argument': conversion from 'double' to 'GLint', possible loss of data
D:\Github\Platformer_Game\igraphics.cpp(28,16): warning C4244: 'argument': conversion from 'double' to 'GLint', possible loss of data
  main.cpp
D:\Github\Platformer_Game\iGraphics.h(23,54): warning C4244: 'argument': conversion from 'double' to 'GLclampf', possible loss of data
D:\Github\Platformer_Game\iGraphics.h(23,39): warning C4244: 'argument': conversion from 'double' to 'GLclampf', possible loss of data
D:\Github\Platformer_Game\iGraphics.h(23,24): warning C4244: 'argument': conversion from 'double' to 'GLclampf', possible loss of data
D:\Github\Platformer_Game\iGraphics.h(92,22): warning C4244: 'argument': conversion from 'double' to 'int', possible loss of data
D:\Github\Platformer_Game\iGraphics.h(92,19): warning C4244: 'argument': conversion from 'double' to 'int', possible loss of data
D:\Github\Platformer_Game\iGraphics.h(96,28): warning C4244: 'argument': conversion from 'double' to 'int', possible loss of data
D:\Github\Platformer_Game\iGraphics.h(96,19): warning C4244: 'argument': conversion from 'double' to 'int', possible loss of data
D:\Github\Platformer_Game\iGraphics.h(100,14): warning C4244: '=': conversion from 'double' to 'int', possible loss of data
D:\Github\Platformer_Game\iGraphics.h(104,14): warning C4244: '=': conversion from 'double' to 'int', possible loss of data
D:\Github\Platformer_Game\iGraphics.h(108,22): warning C4244: 'argument': conversion from 'double' to 'int', possible loss of data
D:\Github\Platformer_Game\iGraphics.h(108,19): warning C4244: 'argument': conversion from 'double' to 'int', possible loss of data
D:\Github\Platformer_Game\iGraphics.h(117,10): warning C4244: 'initializing': conversion from 'double' to 'int', possible loss of data
D:\Github\Platformer_Game\iGraphics.h(117,31): warning C4244: 'initializing': conversion from 'double' to 'int', possible loss of data
D:\Github\Platformer_Game\iGraphics.h(176,23): warning C4244: 'argument': conversion from 'double' to 'int', possible loss of data
D:\Github\Platformer_Game\iGraphics.h(176,14): warning C4244: 'argument': conversion from 'double' to 'int', possible loss of data
D:\Github\Platformer_Game\iGraphics.h(185,23): warning C4244: 'argument': conversion from 'double' to 'int', possible loss of data
D:\Github\Platformer_Game\iGraphics.h(185,14): warning C4244: 'argument': conversion from 'double' to 'int', possible loss of data
D:\Github\Platformer_Game\iGraphics.h(193,39): warning C4244: 'argument': conversion from 'double' to 'int', possible loss of data
D:\Github\Platformer_Game\iGraphics.h(193,30): warning C4244: 'argument': conversion from 'double' to 'int', possible loss of data
D:\Github\Platformer_Game\iGraphics.h(216,20): warning C4244: 'argument': conversion from 'double' to 'GLfloat', possible loss of data
D:\Github\Platformer_Game\iGraphics.h(216,17): warning C4244: 'argument': conversion from 'double' to 'GLfloat', possible loss of data
D:\Github\Platformer_Game\iGraphics.h(247,20): warning C4244: 'argument': conversion from 'double' to 'GLfloat', possible loss of data
D:\Github\Platformer_Game\iGraphics.h(247,17): warning C4244: 'argument': conversion from 'double' to 'GLfloat', possible loss of data
D:\Github\Platformer_Game\iGraphics.h(247,14): warning C4244: 'argument': conversion from 'double' to 'GLfloat', possible loss of data
D:\Github\Platformer_Game\iGraphics.h(263,20): warning C4244: 'argument': conversion from 'double' to 'GLfloat', possible loss of data
D:\Github\Platformer_Game\iGraphics.h(263,17): warning C4244: 'argument': conversion from 'double' to 'GLfloat', possible loss of data
D:\Github\Platformer_Game\iGraphics.h(263,14): warning C4244: 'argument': conversion from 'double' to 'GLfloat', possible loss of data
D:\Github\Platformer_Game\iGraphics.h(279,23): warning C4244: 'argument': conversion from 'double' to 'GLfloat', possible loss of data
D:\Github\Platformer_Game\iGraphics.h(279,20): warning C4244: 'argument': conversion from 'double' to 'GLfloat', possible loss of data
D:\Github\Platformer_Game\iGraphics.h(279,17): warning C4244: 'argument': conversion from 'double' to 'GLfloat', possible loss of data
D:\Github\Platformer_Game\iGraphics.h(279,14): warning C4244: 'argument': conversion from 'double' to 'GLfloat', possible loss of data
D:\Github\Platformer_Game\iGraphics.h(294,23): warning C4244: 'argument': conversion from 'double' to 'GLfloat', possible loss of data
D:\Github\Platformer_Game\iGraphics.h(294,20): warning C4244: 'argument': conversion from 'double' to 'GLfloat', possible loss of data
D:\Github\Platformer_Game\iGraphics.h(294,17): warning C4244: 'argument': conversion from 'double' to 'GLfloat', possible loss of data
D:\Github\Platformer_Game\iGraphics.h(294,14): warning C4244: 'argument': conversion from 'double' to 'GLfloat', possible loss of data
D:\Github\Platformer_Game\iGraphics.h(308,26): warning C4244: 'argument': conversion from 'double' to 'GLfloat', possible loss of data
D:\Github\Platformer_Game\iGraphics.h(308,20): warning C4244: 'argument': conversion from 'double' to 'GLfloat', possible loss of data
D:\Github\Platformer_Game\iGraphics.h(321,20): warning C4244: 'argument': conversion from 'double' to 'GLfloat', possible loss of data
D:\Github\Platformer_Game\iGraphics.h(321,16): warning C4244: 'argument': conversion from 'double' to 'GLfloat', possible loss of data
D:\Github\Platformer_Game\iGraphics.h(322,20): warning C4244: 'argument': conversion from 'double' to 'GLfloat', possible loss of data
D:\Github\Platformer_Game\iGraphics.h(322,16): warning C4244: 'argument': conversion from 'double' to 'GLfloat', possible loss of data
D:\Github\Platformer_Game\iGraphics.h(323,20): warning C4244: 'argument': conversion from 'double' to 'GLfloat', possible loss of data
D:\Github\Platformer_Game\iGraphics.h(323,16): warning C4244: 'argument': conversion from 'double' to 'GLfloat', possible loss of data
D:\Github\Platformer_Game\iGraphics.h(324,20): warning C4244: 'argument': conversion from 'double' to 'GLfloat', possible loss of data
D:\Github\Platformer_Game\iGraphics.h(324,16): warning C4244: 'argument': conversion from 'double' to 'GLfloat', possible loss of data
D:\Github\Platformer_Game\iGraphics.h(331,20): warning C4244: 'argument': conversion from 'double' to 'GLfloat', possible loss of data
D:\Github\Platformer_Game\iGraphics.h(331,16): warning C4244: 'argument': conversion from 'double' to 'GLfloat', possible loss of data
D:\Github\Platformer_Game\iGraphics.h(332,20): warning C4244: 'argument': conversion from 'double' to 'GLfloat', possible loss of data
D:\Github\Platformer_Game\iGraphics.h(332,16): warning C4244: 'argument': conversion from 'double' to 'GLfloat', possible loss of data
D:\Github\Platformer_Game\iGraphics.h(333,20): warning C4244: 'argument': conversion from 'double' to 'GLfloat', possible loss of data
D:\Github\Platformer_Game\iGraphics.h(333,16): warning C4244: 'argument': conversion from 'double' to 'GLfloat', possible loss of data
D:\Github\Platformer_Game\iGraphics.h(343,35): warning C4244: 'argument': conversion from 'double' to 'GLfloat', possible loss of data
D:\Github\Platformer_Game\iGraphics.h(343,19): warning C4244: 'argument': conversion from 'double' to 'GLfloat', possible loss of data
D:\Github\Platformer_Game\iGraphics.h(350,16): warning C4244: 'argument': conversion from 'int' to 'GLfloat', possible loss of data
D:\Github\Platformer_Game\iGraphics.h(352,18): warning C4244: 'argument': conversion from 'double' to 'GLfloat', possible loss of data
D:\Github\Platformer_Game\iGraphics.h(352,15): warning C4244: 'argument': conversion from 'double' to 'GLfloat', possible loss of data
D:\Github\Platformer_Game\iGraphics.h(359,16): warning C4244: 'argument': conversion from 'double' to 'GLfloat', possible loss of data
D:\Github\Platformer_Game\iGraphics.h(361,19): warning C4244: 'argument': conversion from 'double' to 'GLfloat', possible loss of data
D:\Github\Platformer_Game\iGraphics.h(361,15): warning C4244: 'argument': conversion from 'double' to 'GLfloat', possible loss of data
D:\Github\Platformer_Game\iGraphics.h(362,19): warning C4244: 'argument': conversion from 'double' to 'GLfloat', possible loss of data
D:\Github\Platformer_Game\iGraphics.h(362,15): warning C4244: 'argument': conversion from 'double' to 'GLfloat', possible loss of data
D:\Github\Platformer_Game\iGraphics.h(372,16): warning C4244: 'argument': conversion from 'double' to 'GLfloat', possible loss of data
D:\Github\Platformer_Game\iGraphics.h(375,25): warning C4244: 'argument': conversion from 'double' to 'GLfloat', possible loss of data
D:\Github\Platformer_Game\iGraphics.h(375,19): warning C4244: 'argument': conversion from 'double' to 'GLfloat', possible loss of data
D:\Github\Platformer_Game\iGraphics.h(377,24): warning C4244: 'argument': conversion from 'double' to 'GLfloat', possible loss of data
D:\Github\Platformer_Game\iGraphics.h(377,18): warning C4244: 'argument': conversion from 'double' to 'GLfloat', possible loss of data
D:\Github\Platformer_Game\iGraphics.h(383,16): warning C4244: 'argument': conversion from 'double' to 'GLfloat', possible loss of data
D:\Github\Platformer_Game\iGraphics.h(385,19): warning C4244: 'argument': conversion from 'double' to 'GLfloat', possible loss of data
D:\Github\Platformer_Game\iGraphics.h(385,15): warning C4244: 'argument': conversion from 'double' to 'GLfloat', possible loss of data
D:\Github\Platformer_Game\iGraphics.h(386,19): warning C4244: 'argument': conversion from 'double' to 'GLfloat', possible loss of data
D:\Github\Platformer_Game\iGraphics.h(386,15): warning C4244: 'argument': conversion from 'double' to 'GLfloat', possible loss of data
D:\Github\Platformer_Game\iGraphics.h(387,19): warning C4244: 'argument': conversion from 'double' to 'GLfloat', possible loss of data
D:\Github\Platformer_Game\iGraphics.h(387,15): warning C4244: 'argument': conversion from 'double' to 'GLfloat', possible loss of data
D:\Github\Platformer_Game\iGraphics.h(399,16): warning C4244: 'argument': conversion from 'double' to 'GLfloat', possible loss of data
D:\Github\Platformer_Game\iGraphics.h(401,19): warning C4244: 'argument': conversion from 'double' to 'GLfloat', possible loss of data
D:\Github\Platformer_Game\iGraphics.h(401,15): warning C4244: 'argument': conversion from 'double' to 'GLfloat', possible loss of data
D:\Github\Platformer_Game\iGraphics.h(402,19): warning C4244: 'argument': conversion from 'double' to 'GLfloat', possible loss of data
D:\Github\Platformer_Game\iGraphics.h(402,15): warning C4244: 'argument': conversion from 'double' to 'GLfloat', possible loss of data
D:\Github\Platformer_Game\iGraphics.h(403,19): warning C4244: 'argument': conversion from 'double' to 'GLfloat', possible loss of data
D:\Github\Platformer_Game\iGraphics.h(403,15): warning C4244: 'argument': conversion from 'double' to 'GLfloat', possible loss of data
D:\Github\Platformer_Game\iGraphics.h(404,19): warning C4244: 'argument': conversion from 'double' to 'GLfloat', possible loss of data
D:\Github\Platformer_Game\iGraphics.h(404,15): warning C4244: 'argument': conversion from 'double' to 'GLfloat', possible loss of data
D:\Github\Platformer_Game\iGraphics.h(405,19): warning C4244: 'argument': conversion from 'double' to 'GLfloat', possible loss of data
D:\Github\Platformer_Game\iGraphics.h(405,15): warning C4244: 'argument': conversion from 'double' to 'GLfloat', possible loss of data
D:\Github\Platformer_Game\iGraphics.h(414,16): warning C4244: 'argument': conversion from 'double' to 'GLfloat', possible loss of data
D:\Github\Platformer_Game\iGraphics.h(418,34): warning C4244: 'argument': conversion from 'double' to 'GLfloat', possible loss of data
D:\Github\Platformer_Game\iGraphics.h(418,18): warning C4244: 'argument': conversion from 'double' to 'GLfloat', possible loss of data
D:\Github\Platformer_Game\iGraphics.h(427,12): warning C4244: '=': conversion from 'time_t' to 'int', possible loss of data
D:\Github\Platformer_Game\iGraphics.h(429,13): warning C4244: '=': conversion from 'time_t' to 'int', possible loss of data
D:\Github\Platformer_Game\iGraphics.h(442,19): warning C4244: 'argument': conversion from 'double' to 'GLfloat', possible loss of data
D:\Github\Platformer_Game\iGraphics.h(442,16): warning C4244: 'argument': conversion from 'double' to 'GLfloat', possible loss of data
D:\Github\Platformer_Game\iGraphics.h(445,13): warning C4244: 'argument': conversion from 'double' to 'GLfloat', possible loss of data
D:\Github\Platformer_Game\iGraphics.h(448,20): warning C4244: 'argument': conversion from 'double' to 'GLfloat', possible loss of data
D:\Github\Platformer_Game\iGraphics.h(448,16): warning C4244: 'argument': conversion from 'double' to 'GLfloat', possible loss of data
D:\Github\Platformer_Game\main.cpp(301,12): warning C4244: 'argument': conversion from 'time_t' to 'unsigned int', possible loss of data
  Generating Code...
  Platformer_Game.vcxproj -> D:\Github\Platformer_Game\Debug\Platformer_Game.exe
