d:\github\platformer_game\debug\vc142.pdb
d:\github\platformer_game\debug\vc142.idb
d:\github\platformer_game\debug\tilesmanager.obj
d:\github\platformer_game\debug\point.obj
d:\github\platformer_game\debug\playermanager.obj
d:\github\platformer_game\debug\gamemanager.obj
d:\github\platformer_game\debug\cameramanager.obj
d:\github\platformer_game\debug\mouse.obj
d:\github\platformer_game\debug\keyboard.obj
d:\github\platformer_game\debug\igraphics.obj
d:\github\platformer_game\debug\color.obj
d:\github\platformer_game\debug\box.obj
d:\github\platformer_game\debug\levelmanager.obj
d:\github\platformer_game\debug\highscore.obj
d:\github\platformer_game\debug\draw.obj
d:\github\platformer_game\debug\main.obj
d:\github\platformer_game\debug\platformer_game.exe
d:\github\platformer_game\debug\platformer_game.ilk
d:\github\platformer_game\debug\platformer_game.pdb
d:\github\platformer_game\debug\platformer_game.tlog\cl.command.1.tlog
d:\github\platformer_game\debug\platformer_game.tlog\cl.read.1.tlog
d:\github\platformer_game\debug\platformer_game.tlog\cl.write.1.tlog
d:\github\platformer_game\debug\platformer_game.tlog\link.command.1.tlog
d:\github\platformer_game\debug\platformer_game.tlog\link.read.1.tlog
d:\github\platformer_game\debug\platformer_game.tlog\link.write.1.tlog
