  box.cpp
D:\Github\Platformer_Game\iGraphics.h(47,54): warning C4244: 'argument': conversion from 'double' to 'GLclampf', possible loss of data
D:\Github\Platformer_Game\iGraphics.h(47,39): warning C4244: 'argument': conversion from 'double' to 'GLclampf', possible loss of data
D:\Github\Platformer_Game\iGraphics.h(47,24): warning C4244: 'argument': conversion from 'double' to 'GLclampf', possible loss of data
D:\Github\Platformer_Game\iGraphics.h(85,14): warning C4244: '=': conversion from 'double' to 'int', possible loss of data
D:\Github\Platformer_Game\iGraphics.h(89,14): warning C4244: '=': conversion from 'double' to 'int', possible loss of data
D:\Github\Platformer_Game\iGraphics.h(112,21): warning C4244: 'argument': conversion from 'double' to 'GLfloat', possible loss of data
D:\Github\Platformer_Game\iGraphics.h(112,19): warning C4244: 'argument': conversion from 'double' to 'GLfloat', possible loss of data
D:\Github\Platformer_Game\iGraphics.h(112,16): warning C4244: 'argument': conversion from 'double' to 'GLfloat', possible loss of data
D:\Github\Platformer_Game\iGraphics.h(112,13): warning C4244: 'argument': conversion from 'double' to 'GLfloat', possible loss of data
D:\Github\Platformer_Game\iGraphics.h(125,21): warning C4244: 'argument': conversion from 'double' to 'GLfloat', possible loss of data
D:\Github\Platformer_Game\iGraphics.h(125,19): warning C4244: 'argument': conversion from 'double' to 'GLfloat', possible loss of data
D:\Github\Platformer_Game\iGraphics.h(125,16): warning C4244: 'argument': conversion from 'double' to 'GLfloat', possible loss of data
D:\Github\Platformer_Game\iGraphics.h(125,13): warning C4244: 'argument': conversion from 'double' to 'GLfloat', possible loss of data
D:\Github\Platformer_Game\iGraphics.h(143,33): warning C4244: 'argument': conversion from 'double' to 'GLfloat', possible loss of data
D:\Github\Platformer_Game\iGraphics.h(143,17): warning C4244: 'argument': conversion from 'double' to 'GLfloat', possible loss of data
D:\Github\Platformer_Game\iGraphics.h(151,33): warning C4244: 'argument': conversion from 'double' to 'GLfloat', possible loss of data
D:\Github\Platformer_Game\iGraphics.h(151,17): warning C4244: 'argument': conversion from 'double' to 'GLfloat', possible loss of data
D:\Github\Platformer_Game\iGraphics.h(166,18): warning C4244: 'argument': conversion from 'double' to 'GLfloat', possible loss of data
D:\Github\Platformer_Game\iGraphics.h(166,14): warning C4244: 'argument': conversion from 'double' to 'GLfloat', possible loss of data
D:\Github\Platformer_Game\iGraphics.h(167,18): warning C4244: 'argument': conversion from 'double' to 'GLfloat', possible loss of data
D:\Github\Platformer_Game\iGraphics.h(167,14): warning C4244: 'argument': conversion from 'double' to 'GLfloat', possible loss of data
D:\Github\Platformer_Game\iGraphics.h(168,18): warning C4244: 'argument': conversion from 'double' to 'GLfloat', possible loss of data
D:\Github\Platformer_Game\iGraphics.h(168,14): warning C4244: 'argument': conversion from 'double' to 'GLfloat', possible loss of data
D:\Github\Platformer_Game\iGraphics.h(169,18): warning C4244: 'argument': conversion from 'double' to 'GLfloat', possible loss of data
D:\Github\Platformer_Game\iGraphics.h(169,14): warning C4244: 'argument': conversion from 'double' to 'GLfloat', possible loss of data
D:\Github\Platformer_Game\iGraphics.h(174,18): warning C4244: 'argument': conversion from 'double' to 'GLfloat', possible loss of data
D:\Github\Platformer_Game\iGraphics.h(174,14): warning C4244: 'argument': conversion from 'double' to 'GLfloat', possible loss of data
D:\Github\Platformer_Game\iGraphics.h(175,18): warning C4244: 'argument': conversion from 'double' to 'GLfloat', possible loss of data
D:\Github\Platformer_Game\iGraphics.h(175,14): warning C4244: 'argument': conversion from 'double' to 'GLfloat', possible loss of data
D:\Github\Platformer_Game\iGraphics.h(176,18): warning C4244: 'argument': conversion from 'double' to 'GLfloat', possible loss of data
D:\Github\Platformer_Game\iGraphics.h(176,14): warning C4244: 'argument': conversion from 'double' to 'GLfloat', possible loss of data
D:\Github\Platformer_Game\iGraphics.h(177,18): warning C4244: 'argument': conversion from 'double' to 'GLfloat', possible loss of data
D:\Github\Platformer_Game\iGraphics.h(177,14): warning C4244: 'argument': conversion from 'double' to 'GLfloat', possible loss of data
D:\Github\Platformer_Game\box.cpp(35,12): warning C4244: '=': conversion from 'int' to 'float', possible loss of data
D:\Github\Platformer_Game\box.cpp(36,12): warning C4244: '=': conversion from 'int' to 'float', possible loss of data
  CameraManager.cpp
D:\Github\Platformer_Game\iGraphics.h(47,54): warning C4244: 'argument': conversion from 'double' to 'GLclampf', possible loss of data
D:\Github\Platformer_Game\iGraphics.h(47,39): warning C4244: 'argument': conversion from 'double' to 'GLclampf', possible loss of data
D:\Github\Platformer_Game\iGraphics.h(47,24): warning C4244: 'argument': conversion from 'double' to 'GLclampf', possible loss of data
D:\Github\Platformer_Game\iGraphics.h(85,14): warning C4244: '=': conversion from 'double' to 'int', possible loss of data
D:\Github\Platformer_Game\iGraphics.h(89,14): warning C4244: '=': conversion from 'double' to 'int', possible loss of data
D:\Github\Platformer_Game\iGraphics.h(112,21): warning C4244: 'argument': conversion from 'double' to 'GLfloat', possible loss of data
D:\Github\Platformer_Game\iGraphics.h(112,19): warning C4244: 'argument': conversion from 'double' to 'GLfloat', possible loss of data
D:\Github\Platformer_Game\iGraphics.h(112,16): warning C4244: 'argument': conversion from 'double' to 'GLfloat', possible loss of data
D:\Github\Platformer_Game\iGraphics.h(112,13): warning C4244: 'argument': conversion from 'double' to 'GLfloat', possible loss of data
D:\Github\Platformer_Game\iGraphics.h(125,21): warning C4244: 'argument': conversion from 'double' to 'GLfloat', possible loss of data
D:\Github\Platformer_Game\iGraphics.h(125,19): warning C4244: 'argument': conversion from 'double' to 'GLfloat', possible loss of data
D:\Github\Platformer_Game\iGraphics.h(125,16): warning C4244: 'argument': conversion from 'double' to 'GLfloat', possible loss of data
D:\Github\Platformer_Game\iGraphics.h(125,13): warning C4244: 'argument': conversion from 'double' to 'GLfloat', possible loss of data
D:\Github\Platformer_Game\iGraphics.h(143,33): warning C4244: 'argument': conversion from 'double' to 'GLfloat', possible loss of data
D:\Github\Platformer_Game\iGraphics.h(143,17): warning C4244: 'argument': conversion from 'double' to 'GLfloat', possible loss of data
D:\Github\Platformer_Game\iGraphics.h(151,33): warning C4244: 'argument': conversion from 'double' to 'GLfloat', possible loss of data
D:\Github\Platformer_Game\iGraphics.h(151,17): warning C4244: 'argument': conversion from 'double' to 'GLfloat', possible loss of data
D:\Github\Platformer_Game\iGraphics.h(166,18): warning C4244: 'argument': conversion from 'double' to 'GLfloat', possible loss of data
D:\Github\Platformer_Game\iGraphics.h(166,14): warning C4244: 'argument': conversion from 'double' to 'GLfloat', possible loss of data
D:\Github\Platformer_Game\iGraphics.h(167,18): warning C4244: 'argument': conversion from 'double' to 'GLfloat', possible loss of data
D:\Github\Platformer_Game\iGraphics.h(167,14): warning C4244: 'argument': conversion from 'double' to 'GLfloat', possible loss of data
D:\Github\Platformer_Game\iGraphics.h(168,18): warning C4244: 'argument': conversion from 'double' to 'GLfloat', possible loss of data
D:\Github\Platformer_Game\iGraphics.h(168,14): warning C4244: 'argument': conversion from 'double' to 'GLfloat', possible loss of data
D:\Github\Platformer_Game\iGraphics.h(169,18): warning C4244: 'argument': conversion from 'double' to 'GLfloat', possible loss of data
D:\Github\Platformer_Game\iGraphics.h(169,14): warning C4244: 'argument': conversion from 'double' to 'GLfloat', possible loss of data
D:\Github\Platformer_Game\iGraphics.h(174,18): warning C4244: 'argument': conversion from 'double' to 'GLfloat', possible loss of data
D:\Github\Platformer_Game\iGraphics.h(174,14): warning C4244: 'argument': conversion from 'double' to 'GLfloat', possible loss of data
D:\Github\Platformer_Game\iGraphics.h(175,18): warning C4244: 'argument': conversion from 'double' to 'GLfloat', possible loss of data
D:\Github\Platformer_Game\iGraphics.h(175,14): warning C4244: 'argument': conversion from 'double' to 'GLfloat', possible loss of data
D:\Github\Platformer_Game\iGraphics.h(176,18): warning C4244: 'argument': conversion from 'double' to 'GLfloat', possible loss of data
D:\Github\Platformer_Game\iGraphics.h(176,14): warning C4244: 'argument': conversion from 'double' to 'GLfloat', possible loss of data
D:\Github\Platformer_Game\iGraphics.h(177,18): warning C4244: 'argument': conversion from 'double' to 'GLfloat', possible loss of data
D:\Github\Platformer_Game\iGraphics.h(177,14): warning C4244: 'argument': conversion from 'double' to 'GLfloat', possible loss of data
  color.cpp
D:\Github\Platformer_Game\iGraphics.h(47,54): warning C4244: 'argument': conversion from 'double' to 'GLclampf', possible loss of data
D:\Github\Platformer_Game\iGraphics.h(47,39): warning C4244: 'argument': conversion from 'double' to 'GLclampf', possible loss of data
D:\Github\Platformer_Game\iGraphics.h(47,24): warning C4244: 'argument': conversion from 'double' to 'GLclampf', possible loss of data
D:\Github\Platformer_Game\iGraphics.h(85,14): warning C4244: '=': conversion from 'double' to 'int', possible loss of data
D:\Github\Platformer_Game\iGraphics.h(89,14): warning C4244: '=': conversion from 'double' to 'int', possible loss of data
D:\Github\Platformer_Game\iGraphics.h(112,21): warning C4244: 'argument': conversion from 'double' to 'GLfloat', possible loss of data
D:\Github\Platformer_Game\iGraphics.h(112,19): warning C4244: 'argument': conversion from 'double' to 'GLfloat', possible loss of data
D:\Github\Platformer_Game\iGraphics.h(112,16): warning C4244: 'argument': conversion from 'double' to 'GLfloat', possible loss of data
D:\Github\Platformer_Game\iGraphics.h(112,13): warning C4244: 'argument': conversion from 'double' to 'GLfloat', possible loss of data
D:\Github\Platformer_Game\iGraphics.h(125,21): warning C4244: 'argument': conversion from 'double' to 'GLfloat', possible loss of data
D:\Github\Platformer_Game\iGraphics.h(125,19): warning C4244: 'argument': conversion from 'double' to 'GLfloat', possible loss of data
D:\Github\Platformer_Game\iGraphics.h(125,16): warning C4244: 'argument': conversion from 'double' to 'GLfloat', possible loss of data
D:\Github\Platformer_Game\iGraphics.h(125,13): warning C4244: 'argument': conversion from 'double' to 'GLfloat', possible loss of data
D:\Github\Platformer_Game\iGraphics.h(143,33): warning C4244: 'argument': conversion from 'double' to 'GLfloat', possible loss of data
D:\Github\Platformer_Game\iGraphics.h(143,17): warning C4244: 'argument': conversion from 'double' to 'GLfloat', possible loss of data
D:\Github\Platformer_Game\iGraphics.h(151,33): warning C4244: 'argument': conversion from 'double' to 'GLfloat', possible loss of data
D:\Github\Platformer_Game\iGraphics.h(151,17): warning C4244: 'argument': conversion from 'double' to 'GLfloat', possible loss of data
D:\Github\Platformer_Game\iGraphics.h(166,18): warning C4244: 'argument': conversion from 'double' to 'GLfloat', possible loss of data
D:\Github\Platformer_Game\iGraphics.h(166,14): warning C4244: 'argument': conversion from 'double' to 'GLfloat', possible loss of data
D:\Github\Platformer_Game\iGraphics.h(167,18): warning C4244: 'argument': conversion from 'double' to 'GLfloat', possible loss of data
D:\Github\Platformer_Game\iGraphics.h(167,14): warning C4244: 'argument': conversion from 'double' to 'GLfloat', possible loss of data
D:\Github\Platformer_Game\iGraphics.h(168,18): warning C4244: 'argument': conversion from 'double' to 'GLfloat', possible loss of data
D:\Github\Platformer_Game\iGraphics.h(168,14): warning C4244: 'argument': conversion from 'double' to 'GLfloat', possible loss of data
D:\Github\Platformer_Game\iGraphics.h(169,18): warning C4244: 'argument': conversion from 'double' to 'GLfloat', possible loss of data
D:\Github\Platformer_Game\iGraphics.h(169,14): warning C4244: 'argument': conversion from 'double' to 'GLfloat', possible loss of data
D:\Github\Platformer_Game\iGraphics.h(174,18): warning C4244: 'argument': conversion from 'double' to 'GLfloat', possible loss of data
D:\Github\Platformer_Game\iGraphics.h(174,14): warning C4244: 'argument': conversion from 'double' to 'GLfloat', possible loss of data
D:\Github\Platformer_Game\iGraphics.h(175,18): warning C4244: 'argument': conversion from 'double' to 'GLfloat', possible loss of data
D:\Github\Platformer_Game\iGraphics.h(175,14): warning C4244: 'argument': conversion from 'double' to 'GLfloat', possible loss of data
D:\Github\Platformer_Game\iGraphics.h(176,18): warning C4244: 'argument': conversion from 'double' to 'GLfloat', possible loss of data
D:\Github\Platformer_Game\iGraphics.h(176,14): warning C4244: 'argument': conversion from 'double' to 'GLfloat', possible loss of data
D:\Github\Platformer_Game\iGraphics.h(177,18): warning C4244: 'argument': conversion from 'double' to 'GLfloat', possible loss of data
D:\Github\Platformer_Game\iGraphics.h(177,14): warning C4244: 'argument': conversion from 'double' to 'GLfloat', possible loss of data
D:\Github\Platformer_Game\color.cpp(8,12): warning C4244: '=': conversion from 'double' to 'int', possible loss of data
D:\Github\Platformer_Game\color.cpp(9,12): warning C4244: '=': conversion from 'double' to 'int', possible loss of data
D:\Github\Platformer_Game\color.cpp(10,12): warning C4244: '=': conversion from 'double' to 'int', possible loss of data
D:\Github\Platformer_Game\color.cpp(14,12): warning C4244: '=': conversion from 'double' to 'int', possible loss of data
D:\Github\Platformer_Game\color.cpp(15,12): warning C4244: '=': conversion from 'double' to 'int', possible loss of data
D:\Github\Platformer_Game\color.cpp(16,12): warning C4244: '=': conversion from 'double' to 'int', possible loss of data
D:\Github\Platformer_Game\color.cpp(20,18): warning C4244: '=': conversion from 'double' to 'int', possible loss of data
D:\Github\Platformer_Game\color.cpp(21,18): warning C4244: '=': conversion from 'double' to 'int', possible loss of data
D:\Github\Platformer_Game\color.cpp(22,18): warning C4244: '=': conversion from 'double' to 'int', possible loss of data
  draw.cpp
D:\Github\Platformer_Game\iGraphics.h(47,54): warning C4244: 'argument': conversion from 'double' to 'GLclampf', possible loss of data
D:\Github\Platformer_Game\iGraphics.h(47,39): warning C4244: 'argument': conversion from 'double' to 'GLclampf', possible loss of data
D:\Github\Platformer_Game\iGraphics.h(47,24): warning C4244: 'argument': conversion from 'double' to 'GLclampf', possible loss of data
D:\Github\Platformer_Game\iGraphics.h(85,14): warning C4244: '=': conversion from 'double' to 'int', possible loss of data
D:\Github\Platformer_Game\iGraphics.h(89,14): warning C4244: '=': conversion from 'double' to 'int', possible loss of data
D:\Github\Platformer_Game\iGraphics.h(112,21): warning C4244: 'argument': conversion from 'double' to 'GLfloat', possible loss of data
D:\Github\Platformer_Game\iGraphics.h(112,19): warning C4244: 'argument': conversion from 'double' to 'GLfloat', possible loss of data
D:\Github\Platformer_Game\iGraphics.h(112,16): warning C4244: 'argument': conversion from 'double' to 'GLfloat', possible loss of data
D:\Github\Platformer_Game\iGraphics.h(112,13): warning C4244: 'argument': conversion from 'double' to 'GLfloat', possible loss of data
D:\Github\Platformer_Game\iGraphics.h(125,21): warning C4244: 'argument': conversion from 'double' to 'GLfloat', possible loss of data
D:\Github\Platformer_Game\iGraphics.h(125,19): warning C4244: 'argument': conversion from 'double' to 'GLfloat', possible loss of data
D:\Github\Platformer_Game\iGraphics.h(125,16): warning C4244: 'argument': conversion from 'double' to 'GLfloat', possible loss of data
D:\Github\Platformer_Game\iGraphics.h(125,13): warning C4244: 'argument': conversion from 'double' to 'GLfloat', possible loss of data
D:\Github\Platformer_Game\iGraphics.h(143,33): warning C4244: 'argument': conversion from 'double' to 'GLfloat', possible loss of data
D:\Github\Platformer_Game\iGraphics.h(143,17): warning C4244: 'argument': conversion from 'double' to 'GLfloat', possible loss of data
D:\Github\Platformer_Game\iGraphics.h(151,33): warning C4244: 'argument': conversion from 'double' to 'GLfloat', possible loss of data
D:\Github\Platformer_Game\iGraphics.h(151,17): warning C4244: 'argument': conversion from 'double' to 'GLfloat', possible loss of data
D:\Github\Platformer_Game\iGraphics.h(166,18): warning C4244: 'argument': conversion from 'double' to 'GLfloat', possible loss of data
D:\Github\Platformer_Game\iGraphics.h(166,14): warning C4244: 'argument': conversion from 'double' to 'GLfloat', possible loss of data
D:\Github\Platformer_Game\iGraphics.h(167,18): warning C4244: 'argument': conversion from 'double' to 'GLfloat', possible loss of data
D:\Github\Platformer_Game\iGraphics.h(167,14): warning C4244: 'argument': conversion from 'double' to 'GLfloat', possible loss of data
D:\Github\Platformer_Game\iGraphics.h(168,18): warning C4244: 'argument': conversion from 'double' to 'GLfloat', possible loss of data
D:\Github\Platformer_Game\iGraphics.h(168,14): warning C4244: 'argument': conversion from 'double' to 'GLfloat', possible loss of data
D:\Github\Platformer_Game\iGraphics.h(169,18): warning C4244: 'argument': conversion from 'double' to 'GLfloat', possible loss of data
D:\Github\Platformer_Game\iGraphics.h(169,14): warning C4244: 'argument': conversion from 'double' to 'GLfloat', possible loss of data
D:\Github\Platformer_Game\iGraphics.h(174,18): warning C4244: 'argument': conversion from 'double' to 'GLfloat', possible loss of data
D:\Github\Platformer_Game\iGraphics.h(174,14): warning C4244: 'argument': conversion from 'double' to 'GLfloat', possible loss of data
D:\Github\Platformer_Game\iGraphics.h(175,18): warning C4244: 'argument': conversion from 'double' to 'GLfloat', possible loss of data
D:\Github\Platformer_Game\iGraphics.h(175,14): warning C4244: 'argument': conversion from 'double' to 'GLfloat', possible loss of data
D:\Github\Platformer_Game\iGraphics.h(176,18): warning C4244: 'argument': conversion from 'double' to 'GLfloat', possible loss of data
D:\Github\Platformer_Game\iGraphics.h(176,14): warning C4244: 'argument': conversion from 'double' to 'GLfloat', possible loss of data
D:\Github\Platformer_Game\iGraphics.h(177,18): warning C4244: 'argument': conversion from 'double' to 'GLfloat', possible loss of data
D:\Github\Platformer_Game\iGraphics.h(177,14): warning C4244: 'argument': conversion from 'double' to 'GLfloat', possible loss of data
  GameManager.cpp
D:\Github\Platformer_Game\iGraphics.h(47,54): warning C4244: 'argument': conversion from 'double' to 'GLclampf', possible loss of data
D:\Github\Platformer_Game\iGraphics.h(47,39): warning C4244: 'argument': conversion from 'double' to 'GLclampf', possible loss of data
D:\Github\Platformer_Game\iGraphics.h(47,24): warning C4244: 'argument': conversion from 'double' to 'GLclampf', possible loss of data
D:\Github\Platformer_Game\iGraphics.h(85,14): warning C4244: '=': conversion from 'double' to 'int', possible loss of data
D:\Github\Platformer_Game\iGraphics.h(89,14): warning C4244: '=': conversion from 'double' to 'int', possible loss of data
D:\Github\Platformer_Game\iGraphics.h(112,21): warning C4244: 'argument': conversion from 'double' to 'GLfloat', possible loss of data
D:\Github\Platformer_Game\iGraphics.h(112,19): warning C4244: 'argument': conversion from 'double' to 'GLfloat', possible loss of data
D:\Github\Platformer_Game\iGraphics.h(112,16): warning C4244: 'argument': conversion from 'double' to 'GLfloat', possible loss of data
D:\Github\Platformer_Game\iGraphics.h(112,13): warning C4244: 'argument': conversion from 'double' to 'GLfloat', possible loss of data
D:\Github\Platformer_Game\iGraphics.h(125,21): warning C4244: 'argument': conversion from 'double' to 'GLfloat', possible loss of data
D:\Github\Platformer_Game\iGraphics.h(125,19): warning C4244: 'argument': conversion from 'double' to 'GLfloat', possible loss of data
D:\Github\Platformer_Game\iGraphics.h(125,16): warning C4244: 'argument': conversion from 'double' to 'GLfloat', possible loss of data
D:\Github\Platformer_Game\iGraphics.h(125,13): warning C4244: 'argument': conversion from 'double' to 'GLfloat', possible loss of data
D:\Github\Platformer_Game\iGraphics.h(143,33): warning C4244: 'argument': conversion from 'double' to 'GLfloat', possible loss of data
D:\Github\Platformer_Game\iGraphics.h(143,17): warning C4244: 'argument': conversion from 'double' to 'GLfloat', possible loss of data
D:\Github\Platformer_Game\iGraphics.h(151,33): warning C4244: 'argument': conversion from 'double' to 'GLfloat', possible loss of data
D:\Github\Platformer_Game\iGraphics.h(151,17): warning C4244: 'argument': conversion from 'double' to 'GLfloat', possible loss of data
D:\Github\Platformer_Game\iGraphics.h(166,18): warning C4244: 'argument': conversion from 'double' to 'GLfloat', possible loss of data
D:\Github\Platformer_Game\iGraphics.h(166,14): warning C4244: 'argument': conversion from 'double' to 'GLfloat', possible loss of data
D:\Github\Platformer_Game\iGraphics.h(167,18): warning C4244: 'argument': conversion from 'double' to 'GLfloat', possible loss of data
D:\Github\Platformer_Game\iGraphics.h(167,14): warning C4244: 'argument': conversion from 'double' to 'GLfloat', possible loss of data
D:\Github\Platformer_Game\iGraphics.h(168,18): warning C4244: 'argument': conversion from 'double' to 'GLfloat', possible loss of data
D:\Github\Platformer_Game\iGraphics.h(168,14): warning C4244: 'argument': conversion from 'double' to 'GLfloat', possible loss of data
D:\Github\Platformer_Game\iGraphics.h(169,18): warning C4244: 'argument': conversion from 'double' to 'GLfloat', possible loss of data
D:\Github\Platformer_Game\iGraphics.h(169,14): warning C4244: 'argument': conversion from 'double' to 'GLfloat', possible loss of data
D:\Github\Platformer_Game\iGraphics.h(174,18): warning C4244: 'argument': conversion from 'double' to 'GLfloat', possible loss of data
D:\Github\Platformer_Game\iGraphics.h(174,14): warning C4244: 'argument': conversion from 'double' to 'GLfloat', possible loss of data
D:\Github\Platformer_Game\iGraphics.h(175,18): warning C4244: 'argument': conversion from 'double' to 'GLfloat', possible loss of data
D:\Github\Platformer_Game\iGraphics.h(175,14): warning C4244: 'argument': conversion from 'double' to 'GLfloat', possible loss of data
D:\Github\Platformer_Game\iGraphics.h(176,18): warning C4244: 'argument': conversion from 'double' to 'GLfloat', possible loss of data
D:\Github\Platformer_Game\iGraphics.h(176,14): warning C4244: 'argument': conversion from 'double' to 'GLfloat', possible loss of data
D:\Github\Platformer_Game\iGraphics.h(177,18): warning C4244: 'argument': conversion from 'double' to 'GLfloat', possible loss of data
D:\Github\Platformer_Game\iGraphics.h(177,14): warning C4244: 'argument': conversion from 'double' to 'GLfloat', possible loss of data
  igraphics.cpp
D:\Github\Platformer_Game\iGraphics.h(47,54): warning C4244: 'argument': conversion from 'double' to 'GLclampf', possible loss of data
D:\Github\Platformer_Game\iGraphics.h(47,39): warning C4244: 'argument': conversion from 'double' to 'GLclampf', possible loss of data
D:\Github\Platformer_Game\iGraphics.h(47,24): warning C4244: 'argument': conversion from 'double' to 'GLclampf', possible loss of data
D:\Github\Platformer_Game\iGraphics.h(85,14): warning C4244: '=': conversion from 'double' to 'int', possible loss of data
D:\Github\Platformer_Game\iGraphics.h(89,14): warning C4244: '=': conversion from 'double' to 'int', possible loss of data
D:\Github\Platformer_Game\iGraphics.h(112,21): warning C4244: 'argument': conversion from 'double' to 'GLfloat', possible loss of data
D:\Github\Platformer_Game\iGraphics.h(112,19): warning C4244: 'argument': conversion from 'double' to 'GLfloat', possible loss of data
D:\Github\Platformer_Game\iGraphics.h(112,16): warning C4244: 'argument': conversion from 'double' to 'GLfloat', possible loss of data
D:\Github\Platformer_Game\iGraphics.h(112,13): warning C4244: 'argument': conversion from 'double' to 'GLfloat', possible loss of data
D:\Github\Platformer_Game\iGraphics.h(125,21): warning C4244: 'argument': conversion from 'double' to 'GLfloat', possible loss of data
D:\Github\Platformer_Game\iGraphics.h(125,19): warning C4244: 'argument': conversion from 'double' to 'GLfloat', possible loss of data
D:\Github\Platformer_Game\iGraphics.h(125,16): warning C4244: 'argument': conversion from 'double' to 'GLfloat', possible loss of data
D:\Github\Platformer_Game\iGraphics.h(125,13): warning C4244: 'argument': conversion from 'double' to 'GLfloat', possible loss of data
D:\Github\Platformer_Game\iGraphics.h(143,33): warning C4244: 'argument': conversion from 'double' to 'GLfloat', possible loss of data
D:\Github\Platformer_Game\iGraphics.h(143,17): warning C4244: 'argument': conversion from 'double' to 'GLfloat', possible loss of data
D:\Github\Platformer_Game\iGraphics.h(151,33): warning C4244: 'argument': conversion from 'double' to 'GLfloat', possible loss of data
D:\Github\Platformer_Game\iGraphics.h(151,17): warning C4244: 'argument': conversion from 'double' to 'GLfloat', possible loss of data
D:\Github\Platformer_Game\iGraphics.h(166,18): warning C4244: 'argument': conversion from 'double' to 'GLfloat', possible loss of data
D:\Github\Platformer_Game\iGraphics.h(166,14): warning C4244: 'argument': conversion from 'double' to 'GLfloat', possible loss of data
D:\Github\Platformer_Game\iGraphics.h(167,18): warning C4244: 'argument': conversion from 'double' to 'GLfloat', possible loss of data
D:\Github\Platformer_Game\iGraphics.h(167,14): warning C4244: 'argument': conversion from 'double' to 'GLfloat', possible loss of data
D:\Github\Platformer_Game\iGraphics.h(168,18): warning C4244: 'argument': conversion from 'double' to 'GLfloat', possible loss of data
D:\Github\Platformer_Game\iGraphics.h(168,14): warning C4244: 'argument': conversion from 'double' to 'GLfloat', possible loss of data
D:\Github\Platformer_Game\iGraphics.h(169,18): warning C4244: 'argument': conversion from 'double' to 'GLfloat', possible loss of data
D:\Github\Platformer_Game\iGraphics.h(169,14): warning C4244: 'argument': conversion from 'double' to 'GLfloat', possible loss of data
D:\Github\Platformer_Game\iGraphics.h(174,18): warning C4244: 'argument': conversion from 'double' to 'GLfloat', possible loss of data
D:\Github\Platformer_Game\iGraphics.h(174,14): warning C4244: 'argument': conversion from 'double' to 'GLfloat', possible loss of data
D:\Github\Platformer_Game\iGraphics.h(175,18): warning C4244: 'argument': conversion from 'double' to 'GLfloat', possible loss of data
D:\Github\Platformer_Game\iGraphics.h(175,14): warning C4244: 'argument': conversion from 'double' to 'GLfloat', possible loss of data
D:\Github\Platformer_Game\iGraphics.h(176,18): warning C4244: 'argument': conversion from 'double' to 'GLfloat', possible loss of data
D:\Github\Platformer_Game\iGraphics.h(176,14): warning C4244: 'argument': conversion from 'double' to 'GLfloat', possible loss of data
D:\Github\Platformer_Game\iGraphics.h(177,18): warning C4244: 'argument': conversion from 'double' to 'GLfloat', possible loss of data
D:\Github\Platformer_Game\iGraphics.h(177,14): warning C4244: 'argument': conversion from 'double' to 'GLfloat', possible loss of data
  keyboard.cpp
D:\Github\Platformer_Game\iGraphics.h(47,54): warning C4244: 'argument': conversion from 'double' to 'GLclampf', possible loss of data
D:\Github\Platformer_Game\iGraphics.h(47,39): warning C4244: 'argument': conversion from 'double' to 'GLclampf', possible loss of data
D:\Github\Platformer_Game\iGraphics.h(47,24): warning C4244: 'argument': conversion from 'double' to 'GLclampf', possible loss of data
D:\Github\Platformer_Game\iGraphics.h(85,14): warning C4244: '=': conversion from 'double' to 'int', possible loss of data
D:\Github\Platformer_Game\iGraphics.h(89,14): warning C4244: '=': conversion from 'double' to 'int', possible loss of data
D:\Github\Platformer_Game\iGraphics.h(112,21): warning C4244: 'argument': conversion from 'double' to 'GLfloat', possible loss of data
D:\Github\Platformer_Game\iGraphics.h(112,19): warning C4244: 'argument': conversion from 'double' to 'GLfloat', possible loss of data
D:\Github\Platformer_Game\iGraphics.h(112,16): warning C4244: 'argument': conversion from 'double' to 'GLfloat', possible loss of data
D:\Github\Platformer_Game\iGraphics.h(112,13): warning C4244: 'argument': conversion from 'double' to 'GLfloat', possible loss of data
D:\Github\Platformer_Game\iGraphics.h(125,21): warning C4244: 'argument': conversion from 'double' to 'GLfloat', possible loss of data
D:\Github\Platformer_Game\iGraphics.h(125,19): warning C4244: 'argument': conversion from 'double' to 'GLfloat', possible loss of data
D:\Github\Platformer_Game\iGraphics.h(125,16): warning C4244: 'argument': conversion from 'double' to 'GLfloat', possible loss of data
D:\Github\Platformer_Game\iGraphics.h(125,13): warning C4244: 'argument': conversion from 'double' to 'GLfloat', possible loss of data
D:\Github\Platformer_Game\iGraphics.h(143,33): warning C4244: 'argument': conversion from 'double' to 'GLfloat', possible loss of data
D:\Github\Platformer_Game\iGraphics.h(143,17): warning C4244: 'argument': conversion from 'double' to 'GLfloat', possible loss of data
D:\Github\Platformer_Game\iGraphics.h(151,33): warning C4244: 'argument': conversion from 'double' to 'GLfloat', possible loss of data
D:\Github\Platformer_Game\iGraphics.h(151,17): warning C4244: 'argument': conversion from 'double' to 'GLfloat', possible loss of data
D:\Github\Platformer_Game\iGraphics.h(166,18): warning C4244: 'argument': conversion from 'double' to 'GLfloat', possible loss of data
D:\Github\Platformer_Game\iGraphics.h(166,14): warning C4244: 'argument': conversion from 'double' to 'GLfloat', possible loss of data
D:\Github\Platformer_Game\iGraphics.h(167,18): warning C4244: 'argument': conversion from 'double' to 'GLfloat', possible loss of data
D:\Github\Platformer_Game\iGraphics.h(167,14): warning C4244: 'argument': conversion from 'double' to 'GLfloat', possible loss of data
D:\Github\Platformer_Game\iGraphics.h(168,18): warning C4244: 'argument': conversion from 'double' to 'GLfloat', possible loss of data
D:\Github\Platformer_Game\iGraphics.h(168,14): warning C4244: 'argument': conversion from 'double' to 'GLfloat', possible loss of data
D:\Github\Platformer_Game\iGraphics.h(169,18): warning C4244: 'argument': conversion from 'double' to 'GLfloat', possible loss of data
D:\Github\Platformer_Game\iGraphics.h(169,14): warning C4244: 'argument': conversion from 'double' to 'GLfloat', possible loss of data
D:\Github\Platformer_Game\iGraphics.h(174,18): warning C4244: 'argument': conversion from 'double' to 'GLfloat', possible loss of data
D:\Github\Platformer_Game\iGraphics.h(174,14): warning C4244: 'argument': conversion from 'double' to 'GLfloat', possible loss of data
D:\Github\Platformer_Game\iGraphics.h(175,18): warning C4244: 'argument': conversion from 'double' to 'GLfloat', possible loss of data
D:\Github\Platformer_Game\iGraphics.h(175,14): warning C4244: 'argument': conversion from 'double' to 'GLfloat', possible loss of data
D:\Github\Platformer_Game\iGraphics.h(176,18): warning C4244: 'argument': conversion from 'double' to 'GLfloat', possible loss of data
D:\Github\Platformer_Game\iGraphics.h(176,14): warning C4244: 'argument': conversion from 'double' to 'GLfloat', possible loss of data
D:\Github\Platformer_Game\iGraphics.h(177,18): warning C4244: 'argument': conversion from 'double' to 'GLfloat', possible loss of data
D:\Github\Platformer_Game\iGraphics.h(177,14): warning C4244: 'argument': conversion from 'double' to 'GLfloat', possible loss of data
  LevelManager.cpp
D:\Github\Platformer_Game\iGraphics.h(47,54): warning C4244: 'argument': conversion from 'double' to 'GLclampf', possible loss of data
D:\Github\Platformer_Game\iGraphics.h(47,39): warning C4244: 'argument': conversion from 'double' to 'GLclampf', possible loss of data
D:\Github\Platformer_Game\iGraphics.h(47,24): warning C4244: 'argument': conversion from 'double' to 'GLclampf', possible loss of data
D:\Github\Platformer_Game\iGraphics.h(85,14): warning C4244: '=': conversion from 'double' to 'int', possible loss of data
D:\Github\Platformer_Game\iGraphics.h(89,14): warning C4244: '=': conversion from 'double' to 'int', possible loss of data
D:\Github\Platformer_Game\iGraphics.h(112,21): warning C4244: 'argument': conversion from 'double' to 'GLfloat', possible loss of data
D:\Github\Platformer_Game\iGraphics.h(112,19): warning C4244: 'argument': conversion from 'double' to 'GLfloat', possible loss of data
D:\Github\Platformer_Game\iGraphics.h(112,16): warning C4244: 'argument': conversion from 'double' to 'GLfloat', possible loss of data
D:\Github\Platformer_Game\iGraphics.h(112,13): warning C4244: 'argument': conversion from 'double' to 'GLfloat', possible loss of data
D:\Github\Platformer_Game\iGraphics.h(125,21): warning C4244: 'argument': conversion from 'double' to 'GLfloat', possible loss of data
D:\Github\Platformer_Game\iGraphics.h(125,19): warning C4244: 'argument': conversion from 'double' to 'GLfloat', possible loss of data
D:\Github\Platformer_Game\iGraphics.h(125,16): warning C4244: 'argument': conversion from 'double' to 'GLfloat', possible loss of data
D:\Github\Platformer_Game\iGraphics.h(125,13): warning C4244: 'argument': conversion from 'double' to 'GLfloat', possible loss of data
D:\Github\Platformer_Game\iGraphics.h(143,33): warning C4244: 'argument': conversion from 'double' to 'GLfloat', possible loss of data
D:\Github\Platformer_Game\iGraphics.h(143,17): warning C4244: 'argument': conversion from 'double' to 'GLfloat', possible loss of data
D:\Github\Platformer_Game\iGraphics.h(151,33): warning C4244: 'argument': conversion from 'double' to 'GLfloat', possible loss of data
D:\Github\Platformer_Game\iGraphics.h(151,17): warning C4244: 'argument': conversion from 'double' to 'GLfloat', possible loss of data
D:\Github\Platformer_Game\iGraphics.h(166,18): warning C4244: 'argument': conversion from 'double' to 'GLfloat', possible loss of data
D:\Github\Platformer_Game\iGraphics.h(166,14): warning C4244: 'argument': conversion from 'double' to 'GLfloat', possible loss of data
D:\Github\Platformer_Game\iGraphics.h(167,18): warning C4244: 'argument': conversion from 'double' to 'GLfloat', possible loss of data
D:\Github\Platformer_Game\iGraphics.h(167,14): warning C4244: 'argument': conversion from 'double' to 'GLfloat', possible loss of data
D:\Github\Platformer_Game\iGraphics.h(168,18): warning C4244: 'argument': conversion from 'double' to 'GLfloat', possible loss of data
D:\Github\Platformer_Game\iGraphics.h(168,14): warning C4244: 'argument': conversion from 'double' to 'GLfloat', possible loss of data
D:\Github\Platformer_Game\iGraphics.h(169,18): warning C4244: 'argument': conversion from 'double' to 'GLfloat', possible loss of data
D:\Github\Platformer_Game\iGraphics.h(169,14): warning C4244: 'argument': conversion from 'double' to 'GLfloat', possible loss of data
D:\Github\Platformer_Game\iGraphics.h(174,18): warning C4244: 'argument': conversion from 'double' to 'GLfloat', possible loss of data
D:\Github\Platformer_Game\iGraphics.h(174,14): warning C4244: 'argument': conversion from 'double' to 'GLfloat', possible loss of data
D:\Github\Platformer_Game\iGraphics.h(175,18): warning C4244: 'argument': conversion from 'double' to 'GLfloat', possible loss of data
D:\Github\Platformer_Game\iGraphics.h(175,14): warning C4244: 'argument': conversion from 'double' to 'GLfloat', possible loss of data
D:\Github\Platformer_Game\iGraphics.h(176,18): warning C4244: 'argument': conversion from 'double' to 'GLfloat', possible loss of data
D:\Github\Platformer_Game\iGraphics.h(176,14): warning C4244: 'argument': conversion from 'double' to 'GLfloat', possible loss of data
D:\Github\Platformer_Game\iGraphics.h(177,18): warning C4244: 'argument': conversion from 'double' to 'GLfloat', possible loss of data
D:\Github\Platformer_Game\iGraphics.h(177,14): warning C4244: 'argument': conversion from 'double' to 'GLfloat', possible loss of data
  main.cpp
D:\Github\Platformer_Game\iGraphics.h(47,54): warning C4244: 'argument': conversion from 'double' to 'GLclampf', possible loss of data
D:\Github\Platformer_Game\iGraphics.h(47,39): warning C4244: 'argument': conversion from 'double' to 'GLclampf', possible loss of data
D:\Github\Platformer_Game\iGraphics.h(47,24): warning C4244: 'argument': conversion from 'double' to 'GLclampf', possible loss of data
D:\Github\Platformer_Game\iGraphics.h(85,14): warning C4244: '=': conversion from 'double' to 'int', possible loss of data
D:\Github\Platformer_Game\iGraphics.h(89,14): warning C4244: '=': conversion from 'double' to 'int', possible loss of data
D:\Github\Platformer_Game\iGraphics.h(112,21): warning C4244: 'argument': conversion from 'double' to 'GLfloat', possible loss of data
D:\Github\Platformer_Game\iGraphics.h(112,19): warning C4244: 'argument': conversion from 'double' to 'GLfloat', possible loss of data
D:\Github\Platformer_Game\iGraphics.h(112,16): warning C4244: 'argument': conversion from 'double' to 'GLfloat', possible loss of data
D:\Github\Platformer_Game\iGraphics.h(112,13): warning C4244: 'argument': conversion from 'double' to 'GLfloat', possible loss of data
D:\Github\Platformer_Game\iGraphics.h(125,21): warning C4244: 'argument': conversion from 'double' to 'GLfloat', possible loss of data
D:\Github\Platformer_Game\iGraphics.h(125,19): warning C4244: 'argument': conversion from 'double' to 'GLfloat', possible loss of data
D:\Github\Platformer_Game\iGraphics.h(125,16): warning C4244: 'argument': conversion from 'double' to 'GLfloat', possible loss of data
D:\Github\Platformer_Game\iGraphics.h(125,13): warning C4244: 'argument': conversion from 'double' to 'GLfloat', possible loss of data
D:\Github\Platformer_Game\iGraphics.h(143,33): warning C4244: 'argument': conversion from 'double' to 'GLfloat', possible loss of data
D:\Github\Platformer_Game\iGraphics.h(143,17): warning C4244: 'argument': conversion from 'double' to 'GLfloat', possible loss of data
D:\Github\Platformer_Game\iGraphics.h(151,33): warning C4244: 'argument': conversion from 'double' to 'GLfloat', possible loss of data
D:\Github\Platformer_Game\iGraphics.h(151,17): warning C4244: 'argument': conversion from 'double' to 'GLfloat', possible loss of data
D:\Github\Platformer_Game\iGraphics.h(166,18): warning C4244: 'argument': conversion from 'double' to 'GLfloat', possible loss of data
D:\Github\Platformer_Game\iGraphics.h(166,14): warning C4244: 'argument': conversion from 'double' to 'GLfloat', possible loss of data
D:\Github\Platformer_Game\iGraphics.h(167,18): warning C4244: 'argument': conversion from 'double' to 'GLfloat', possible loss of data
D:\Github\Platformer_Game\iGraphics.h(167,14): warning C4244: 'argument': conversion from 'double' to 'GLfloat', possible loss of data
D:\Github\Platformer_Game\iGraphics.h(168,18): warning C4244: 'argument': conversion from 'double' to 'GLfloat', possible loss of data
D:\Github\Platformer_Game\iGraphics.h(168,14): warning C4244: 'argument': conversion from 'double' to 'GLfloat', possible loss of data
D:\Github\Platformer_Game\iGraphics.h(169,18): warning C4244: 'argument': conversion from 'double' to 'GLfloat', possible loss of data
D:\Github\Platformer_Game\iGraphics.h(169,14): warning C4244: 'argument': conversion from 'double' to 'GLfloat', possible loss of data
D:\Github\Platformer_Game\iGraphics.h(174,18): warning C4244: 'argument': conversion from 'double' to 'GLfloat', possible loss of data
D:\Github\Platformer_Game\iGraphics.h(174,14): warning C4244: 'argument': conversion from 'double' to 'GLfloat', possible loss of data
D:\Github\Platformer_Game\iGraphics.h(175,18): warning C4244: 'argument': conversion from 'double' to 'GLfloat', possible loss of data
D:\Github\Platformer_Game\iGraphics.h(175,14): warning C4244: 'argument': conversion from 'double' to 'GLfloat', possible loss of data
D:\Github\Platformer_Game\iGraphics.h(176,18): warning C4244: 'argument': conversion from 'double' to 'GLfloat', possible loss of data
D:\Github\Platformer_Game\iGraphics.h(176,14): warning C4244: 'argument': conversion from 'double' to 'GLfloat', possible loss of data
D:\Github\Platformer_Game\iGraphics.h(177,18): warning C4244: 'argument': conversion from 'double' to 'GLfloat', possible loss of data
D:\Github\Platformer_Game\iGraphics.h(177,14): warning C4244: 'argument': conversion from 'double' to 'GLfloat', possible loss of data
D:\Github\Platformer_Game\main.cpp(314,12): warning C4244: 'argument': conversion from 'time_t' to 'unsigned int', possible loss of data
  PlayerManager.cpp
D:\Github\Platformer_Game\iGraphics.h(47,54): warning C4244: 'argument': conversion from 'double' to 'GLclampf', possible loss of data
D:\Github\Platformer_Game\iGraphics.h(47,39): warning C4244: 'argument': conversion from 'double' to 'GLclampf', possible loss of data
D:\Github\Platformer_Game\iGraphics.h(47,24): warning C4244: 'argument': conversion from 'double' to 'GLclampf', possible loss of data
D:\Github\Platformer_Game\iGraphics.h(85,14): warning C4244: '=': conversion from 'double' to 'int', possible loss of data
D:\Github\Platformer_Game\iGraphics.h(89,14): warning C4244: '=': conversion from 'double' to 'int', possible loss of data
D:\Github\Platformer_Game\iGraphics.h(112,21): warning C4244: 'argument': conversion from 'double' to 'GLfloat', possible loss of data
D:\Github\Platformer_Game\iGraphics.h(112,19): warning C4244: 'argument': conversion from 'double' to 'GLfloat', possible loss of data
D:\Github\Platformer_Game\iGraphics.h(112,16): warning C4244: 'argument': conversion from 'double' to 'GLfloat', possible loss of data
D:\Github\Platformer_Game\iGraphics.h(112,13): warning C4244: 'argument': conversion from 'double' to 'GLfloat', possible loss of data
D:\Github\Platformer_Game\iGraphics.h(125,21): warning C4244: 'argument': conversion from 'double' to 'GLfloat', possible loss of data
D:\Github\Platformer_Game\iGraphics.h(125,19): warning C4244: 'argument': conversion from 'double' to 'GLfloat', possible loss of data
D:\Github\Platformer_Game\iGraphics.h(125,16): warning C4244: 'argument': conversion from 'double' to 'GLfloat', possible loss of data
D:\Github\Platformer_Game\iGraphics.h(125,13): warning C4244: 'argument': conversion from 'double' to 'GLfloat', possible loss of data
D:\Github\Platformer_Game\iGraphics.h(143,33): warning C4244: 'argument': conversion from 'double' to 'GLfloat', possible loss of data
D:\Github\Platformer_Game\iGraphics.h(143,17): warning C4244: 'argument': conversion from 'double' to 'GLfloat', possible loss of data
D:\Github\Platformer_Game\iGraphics.h(151,33): warning C4244: 'argument': conversion from 'double' to 'GLfloat', possible loss of data
D:\Github\Platformer_Game\iGraphics.h(151,17): warning C4244: 'argument': conversion from 'double' to 'GLfloat', possible loss of data
D:\Github\Platformer_Game\iGraphics.h(166,18): warning C4244: 'argument': conversion from 'double' to 'GLfloat', possible loss of data
D:\Github\Platformer_Game\iGraphics.h(166,14): warning C4244: 'argument': conversion from 'double' to 'GLfloat', possible loss of data
D:\Github\Platformer_Game\iGraphics.h(167,18): warning C4244: 'argument': conversion from 'double' to 'GLfloat', possible loss of data
D:\Github\Platformer_Game\iGraphics.h(167,14): warning C4244: 'argument': conversion from 'double' to 'GLfloat', possible loss of data
D:\Github\Platformer_Game\iGraphics.h(168,18): warning C4244: 'argument': conversion from 'double' to 'GLfloat', possible loss of data
D:\Github\Platformer_Game\iGraphics.h(168,14): warning C4244: 'argument': conversion from 'double' to 'GLfloat', possible loss of data
D:\Github\Platformer_Game\iGraphics.h(169,18): warning C4244: 'argument': conversion from 'double' to 'GLfloat', possible loss of data
D:\Github\Platformer_Game\iGraphics.h(169,14): warning C4244: 'argument': conversion from 'double' to 'GLfloat', possible loss of data
D:\Github\Platformer_Game\iGraphics.h(174,18): warning C4244: 'argument': conversion from 'double' to 'GLfloat', possible loss of data
D:\Github\Platformer_Game\iGraphics.h(174,14): warning C4244: 'argument': conversion from 'double' to 'GLfloat', possible loss of data
D:\Github\Platformer_Game\iGraphics.h(175,18): warning C4244: 'argument': conversion from 'double' to 'GLfloat', possible loss of data
D:\Github\Platformer_Game\iGraphics.h(175,14): warning C4244: 'argument': conversion from 'double' to 'GLfloat', possible loss of data
D:\Github\Platformer_Game\iGraphics.h(176,18): warning C4244: 'argument': conversion from 'double' to 'GLfloat', possible loss of data
D:\Github\Platformer_Game\iGraphics.h(176,14): warning C4244: 'argument': conversion from 'double' to 'GLfloat', possible loss of data
D:\Github\Platformer_Game\iGraphics.h(177,18): warning C4244: 'argument': conversion from 'double' to 'GLfloat', possible loss of data
D:\Github\Platformer_Game\iGraphics.h(177,14): warning C4244: 'argument': conversion from 'double' to 'GLfloat', possible loss of data
D:\Github\Platformer_Game\PlayerManager.cpp(36,13): warning C4305: '*=': truncation from 'double' to 'float'
D:\Github\Platformer_Game\PlayerManager.cpp(47,48): warning C4244: 'argument': conversion from 'float' to 'int', possible loss of data
D:\Github\Platformer_Game\PlayerManager.cpp(47,26): warning C4244: 'argument': conversion from 'float' to 'int', possible loss of data
D:\Github\Platformer_Game\PlayerManager.cpp(47,111): warning C4244: 'argument': conversion from 'float' to 'int', possible loss of data
D:\Github\Platformer_Game\PlayerManager.cpp(47,90): warning C4244: 'argument': conversion from 'float' to 'int', possible loss of data
D:\Github\Platformer_Game\PlayerManager.cpp(57,47): warning C4244: 'argument': conversion from 'float' to 'int', possible loss of data
D:\Github\Platformer_Game\PlayerManager.cpp(57,25): warning C4244: 'argument': conversion from 'float' to 'int', possible loss of data
D:\Github\Platformer_Game\PlayerManager.cpp(57,109): warning C4244: 'argument': conversion from 'float' to 'int', possible loss of data
D:\Github\Platformer_Game\PlayerManager.cpp(57,88): warning C4244: 'argument': conversion from 'float' to 'int', possible loss of data
D:\Github\Platformer_Game\PlayerManager.cpp(60,14): warning C4305: '=': truncation from 'double' to 'float'
D:\Github\Platformer_Game\PlayerManager.cpp(66,44): warning C4244: 'argument': conversion from 'float' to 'int', possible loss of data
D:\Github\Platformer_Game\PlayerManager.cpp(66,26): warning C4244: 'argument': conversion from 'float' to 'int', possible loss of data
D:\Github\Platformer_Game\PlayerManager.cpp(66,106): warning C4244: 'argument': conversion from 'float' to 'int', possible loss of data
D:\Github\Platformer_Game\PlayerManager.cpp(66,88): warning C4244: 'argument': conversion from 'float' to 'int', possible loss of data
D:\Github\Platformer_Game\PlayerManager.cpp(74,45): warning C4244: 'argument': conversion from 'float' to 'int', possible loss of data
D:\Github\Platformer_Game\PlayerManager.cpp(74,26): warning C4244: 'argument': conversion from 'float' to 'int', possible loss of data
D:\Github\Platformer_Game\PlayerManager.cpp(74,108): warning C4244: 'argument': conversion from 'float' to 'int', possible loss of data
D:\Github\Platformer_Game\PlayerManager.cpp(74,89): warning C4244: 'argument': conversion from 'float' to 'int', possible loss of data
D:\Github\Platformer_Game\PlayerManager.cpp(80,47): warning C4244: 'argument': conversion from 'float' to 'int', possible loss of data
D:\Github\Platformer_Game\PlayerManager.cpp(80,25): warning C4244: 'argument': conversion from 'float' to 'int', possible loss of data
D:\Github\Platformer_Game\PlayerManager.cpp(82,44): warning C4244: 'argument': conversion from 'float' to 'int', possible loss of data
D:\Github\Platformer_Game\PlayerManager.cpp(82,22): warning C4244: 'argument': conversion from 'float' to 'int', possible loss of data
D:\Github\Platformer_Game\PlayerManager.cpp(86,46): warning C4244: 'argument': conversion from 'float' to 'int', possible loss of data
D:\Github\Platformer_Game\PlayerManager.cpp(86,25): warning C4244: 'argument': conversion from 'float' to 'int', possible loss of data
D:\Github\Platformer_Game\PlayerManager.cpp(88,43): warning C4244: 'argument': conversion from 'float' to 'int', possible loss of data
D:\Github\Platformer_Game\PlayerManager.cpp(88,22): warning C4244: 'argument': conversion from 'float' to 'int', possible loss of data
D:\Github\Platformer_Game\PlayerManager.cpp(92,46): warning C4244: 'argument': conversion from 'float' to 'int', possible loss of data
D:\Github\Platformer_Game\PlayerManager.cpp(92,24): warning C4244: 'argument': conversion from 'float' to 'int', possible loss of data
D:\Github\Platformer_Game\PlayerManager.cpp(94,43): warning C4244: 'argument': conversion from 'float' to 'int', possible loss of data
D:\Github\Platformer_Game\PlayerManager.cpp(94,21): warning C4244: 'argument': conversion from 'float' to 'int', possible loss of data
D:\Github\Platformer_Game\PlayerManager.cpp(98,45): warning C4244: 'argument': conversion from 'float' to 'int', possible loss of data
D:\Github\Platformer_Game\PlayerManager.cpp(98,24): warning C4244: 'argument': conversion from 'float' to 'int', possible loss of data
D:\Github\Platformer_Game\PlayerManager.cpp(100,42): warning C4244: 'argument': conversion from 'float' to 'int', possible loss of data
D:\Github\Platformer_Game\PlayerManager.cpp(100,21): warning C4244: 'argument': conversion from 'float' to 'int', possible loss of data
D:\Github\Platformer_Game\PlayerManager.cpp(119,20): warning C4244: '=': conversion from 'int' to 'float', possible loss of data
D:\Github\Platformer_Game\PlayerManager.cpp(120,20): warning C4244: '=': conversion from 'int' to 'float', possible loss of data
  point.cpp
  Spike.cpp
D:\Github\Platformer_Game\iGraphics.h(47,54): warning C4244: 'argument': conversion from 'double' to 'GLclampf', possible loss of data
D:\Github\Platformer_Game\iGraphics.h(47,39): warning C4244: 'argument': conversion from 'double' to 'GLclampf', possible loss of data
D:\Github\Platformer_Game\iGraphics.h(47,24): warning C4244: 'argument': conversion from 'double' to 'GLclampf', possible loss of data
D:\Github\Platformer_Game\iGraphics.h(85,14): warning C4244: '=': conversion from 'double' to 'int', possible loss of data
D:\Github\Platformer_Game\iGraphics.h(89,14): warning C4244: '=': conversion from 'double' to 'int', possible loss of data
D:\Github\Platformer_Game\iGraphics.h(112,21): warning C4244: 'argument': conversion from 'double' to 'GLfloat', possible loss of data
D:\Github\Platformer_Game\iGraphics.h(112,19): warning C4244: 'argument': conversion from 'double' to 'GLfloat', possible loss of data
D:\Github\Platformer_Game\iGraphics.h(112,16): warning C4244: 'argument': conversion from 'double' to 'GLfloat', possible loss of data
D:\Github\Platformer_Game\iGraphics.h(112,13): warning C4244: 'argument': conversion from 'double' to 'GLfloat', possible loss of data
D:\Github\Platformer_Game\iGraphics.h(125,21): warning C4244: 'argument': conversion from 'double' to 'GLfloat', possible loss of data
D:\Github\Platformer_Game\iGraphics.h(125,19): warning C4244: 'argument': conversion from 'double' to 'GLfloat', possible loss of data
D:\Github\Platformer_Game\iGraphics.h(125,16): warning C4244: 'argument': conversion from 'double' to 'GLfloat', possible loss of data
D:\Github\Platformer_Game\iGraphics.h(125,13): warning C4244: 'argument': conversion from 'double' to 'GLfloat', possible loss of data
D:\Github\Platformer_Game\iGraphics.h(143,33): warning C4244: 'argument': conversion from 'double' to 'GLfloat', possible loss of data
D:\Github\Platformer_Game\iGraphics.h(143,17): warning C4244: 'argument': conversion from 'double' to 'GLfloat', possible loss of data
D:\Github\Platformer_Game\iGraphics.h(151,33): warning C4244: 'argument': conversion from 'double' to 'GLfloat', possible loss of data
D:\Github\Platformer_Game\iGraphics.h(151,17): warning C4244: 'argument': conversion from 'double' to 'GLfloat', possible loss of data
D:\Github\Platformer_Game\iGraphics.h(166,18): warning C4244: 'argument': conversion from 'double' to 'GLfloat', possible loss of data
D:\Github\Platformer_Game\iGraphics.h(166,14): warning C4244: 'argument': conversion from 'double' to 'GLfloat', possible loss of data
D:\Github\Platformer_Game\iGraphics.h(167,18): warning C4244: 'argument': conversion from 'double' to 'GLfloat', possible loss of data
D:\Github\Platformer_Game\iGraphics.h(167,14): warning C4244: 'argument': conversion from 'double' to 'GLfloat', possible loss of data
D:\Github\Platformer_Game\iGraphics.h(168,18): warning C4244: 'argument': conversion from 'double' to 'GLfloat', possible loss of data
D:\Github\Platformer_Game\iGraphics.h(168,14): warning C4244: 'argument': conversion from 'double' to 'GLfloat', possible loss of data
D:\Github\Platformer_Game\iGraphics.h(169,18): warning C4244: 'argument': conversion from 'double' to 'GLfloat', possible loss of data
D:\Github\Platformer_Game\iGraphics.h(169,14): warning C4244: 'argument': conversion from 'double' to 'GLfloat', possible loss of data
D:\Github\Platformer_Game\iGraphics.h(174,18): warning C4244: 'argument': conversion from 'double' to 'GLfloat', possible loss of data
D:\Github\Platformer_Game\iGraphics.h(174,14): warning C4244: 'argument': conversion from 'double' to 'GLfloat', possible loss of data
D:\Github\Platformer_Game\iGraphics.h(175,18): warning C4244: 'argument': conversion from 'double' to 'GLfloat', possible loss of data
D:\Github\Platformer_Game\iGraphics.h(175,14): warning C4244: 'argument': conversion from 'double' to 'GLfloat', possible loss of data
D:\Github\Platformer_Game\iGraphics.h(176,18): warning C4244: 'argument': conversion from 'double' to 'GLfloat', possible loss of data
D:\Github\Platformer_Game\iGraphics.h(176,14): warning C4244: 'argument': conversion from 'double' to 'GLfloat', possible loss of data
D:\Github\Platformer_Game\iGraphics.h(177,18): warning C4244: 'argument': conversion from 'double' to 'GLfloat', possible loss of data
D:\Github\Platformer_Game\iGraphics.h(177,14): warning C4244: 'argument': conversion from 'double' to 'GLfloat', possible loss of data
D:\Github\Platformer_Game\Spike.cpp(10,16): warning C4244: '=': conversion from 'int' to 'float', possible loss of data
  SpikesManager.cpp
D:\Github\Platformer_Game\iGraphics.h(47,54): warning C4244: 'argument': conversion from 'double' to 'GLclampf', possible loss of data
D:\Github\Platformer_Game\iGraphics.h(47,39): warning C4244: 'argument': conversion from 'double' to 'GLclampf', possible loss of data
D:\Github\Platformer_Game\iGraphics.h(47,24): warning C4244: 'argument': conversion from 'double' to 'GLclampf', possible loss of data
D:\Github\Platformer_Game\iGraphics.h(85,14): warning C4244: '=': conversion from 'double' to 'int', possible loss of data
D:\Github\Platformer_Game\iGraphics.h(89,14): warning C4244: '=': conversion from 'double' to 'int', possible loss of data
D:\Github\Platformer_Game\iGraphics.h(112,21): warning C4244: 'argument': conversion from 'double' to 'GLfloat', possible loss of data
D:\Github\Platformer_Game\iGraphics.h(112,19): warning C4244: 'argument': conversion from 'double' to 'GLfloat', possible loss of data
D:\Github\Platformer_Game\iGraphics.h(112,16): warning C4244: 'argument': conversion from 'double' to 'GLfloat', possible loss of data
D:\Github\Platformer_Game\iGraphics.h(112,13): warning C4244: 'argument': conversion from 'double' to 'GLfloat', possible loss of data
D:\Github\Platformer_Game\iGraphics.h(125,21): warning C4244: 'argument': conversion from 'double' to 'GLfloat', possible loss of data
D:\Github\Platformer_Game\iGraphics.h(125,19): warning C4244: 'argument': conversion from 'double' to 'GLfloat', possible loss of data
D:\Github\Platformer_Game\iGraphics.h(125,16): warning C4244: 'argument': conversion from 'double' to 'GLfloat', possible loss of data
D:\Github\Platformer_Game\iGraphics.h(125,13): warning C4244: 'argument': conversion from 'double' to 'GLfloat', possible loss of data
D:\Github\Platformer_Game\iGraphics.h(143,33): warning C4244: 'argument': conversion from 'double' to 'GLfloat', possible loss of data
D:\Github\Platformer_Game\iGraphics.h(143,17): warning C4244: 'argument': conversion from 'double' to 'GLfloat', possible loss of data
D:\Github\Platformer_Game\iGraphics.h(151,33): warning C4244: 'argument': conversion from 'double' to 'GLfloat', possible loss of data
D:\Github\Platformer_Game\iGraphics.h(151,17): warning C4244: 'argument': conversion from 'double' to 'GLfloat', possible loss of data
D:\Github\Platformer_Game\iGraphics.h(166,18): warning C4244: 'argument': conversion from 'double' to 'GLfloat', possible loss of data
D:\Github\Platformer_Game\iGraphics.h(166,14): warning C4244: 'argument': conversion from 'double' to 'GLfloat', possible loss of data
D:\Github\Platformer_Game\iGraphics.h(167,18): warning C4244: 'argument': conversion from 'double' to 'GLfloat', possible loss of data
D:\Github\Platformer_Game\iGraphics.h(167,14): warning C4244: 'argument': conversion from 'double' to 'GLfloat', possible loss of data
D:\Github\Platformer_Game\iGraphics.h(168,18): warning C4244: 'argument': conversion from 'double' to 'GLfloat', possible loss of data
D:\Github\Platformer_Game\iGraphics.h(168,14): warning C4244: 'argument': conversion from 'double' to 'GLfloat', possible loss of data
D:\Github\Platformer_Game\iGraphics.h(169,18): warning C4244: 'argument': conversion from 'double' to 'GLfloat', possible loss of data
D:\Github\Platformer_Game\iGraphics.h(169,14): warning C4244: 'argument': conversion from 'double' to 'GLfloat', possible loss of data
D:\Github\Platformer_Game\iGraphics.h(174,18): warning C4244: 'argument': conversion from 'double' to 'GLfloat', possible loss of data
D:\Github\Platformer_Game\iGraphics.h(174,14): warning C4244: 'argument': conversion from 'double' to 'GLfloat', possible loss of data
D:\Github\Platformer_Game\iGraphics.h(175,18): warning C4244: 'argument': conversion from 'double' to 'GLfloat', possible loss of data
D:\Github\Platformer_Game\iGraphics.h(175,14): warning C4244: 'argument': conversion from 'double' to 'GLfloat', possible loss of data
D:\Github\Platformer_Game\iGraphics.h(176,18): warning C4244: 'argument': conversion from 'double' to 'GLfloat', possible loss of data
D:\Github\Platformer_Game\iGraphics.h(176,14): warning C4244: 'argument': conversion from 'double' to 'GLfloat', possible loss of data
D:\Github\Platformer_Game\iGraphics.h(177,18): warning C4244: 'argument': conversion from 'double' to 'GLfloat', possible loss of data
D:\Github\Platformer_Game\iGraphics.h(177,14): warning C4244: 'argument': conversion from 'double' to 'GLfloat', possible loss of data
  Tile.cpp
D:\Github\Platformer_Game\iGraphics.h(47,54): warning C4244: 'argument': conversion from 'double' to 'GLclampf', possible loss of data
D:\Github\Platformer_Game\iGraphics.h(47,39): warning C4244: 'argument': conversion from 'double' to 'GLclampf', possible loss of data
D:\Github\Platformer_Game\iGraphics.h(47,24): warning C4244: 'argument': conversion from 'double' to 'GLclampf', possible loss of data
D:\Github\Platformer_Game\iGraphics.h(85,14): warning C4244: '=': conversion from 'double' to 'int', possible loss of data
D:\Github\Platformer_Game\iGraphics.h(89,14): warning C4244: '=': conversion from 'double' to 'int', possible loss of data
D:\Github\Platformer_Game\iGraphics.h(112,21): warning C4244: 'argument': conversion from 'double' to 'GLfloat', possible loss of data
D:\Github\Platformer_Game\iGraphics.h(112,19): warning C4244: 'argument': conversion from 'double' to 'GLfloat', possible loss of data
D:\Github\Platformer_Game\iGraphics.h(112,16): warning C4244: 'argument': conversion from 'double' to 'GLfloat', possible loss of data
D:\Github\Platformer_Game\iGraphics.h(112,13): warning C4244: 'argument': conversion from 'double' to 'GLfloat', possible loss of data
D:\Github\Platformer_Game\iGraphics.h(125,21): warning C4244: 'argument': conversion from 'double' to 'GLfloat', possible loss of data
D:\Github\Platformer_Game\iGraphics.h(125,19): warning C4244: 'argument': conversion from 'double' to 'GLfloat', possible loss of data
D:\Github\Platformer_Game\iGraphics.h(125,16): warning C4244: 'argument': conversion from 'double' to 'GLfloat', possible loss of data
D:\Github\Platformer_Game\iGraphics.h(125,13): warning C4244: 'argument': conversion from 'double' to 'GLfloat', possible loss of data
D:\Github\Platformer_Game\iGraphics.h(143,33): warning C4244: 'argument': conversion from 'double' to 'GLfloat', possible loss of data
D:\Github\Platformer_Game\iGraphics.h(143,17): warning C4244: 'argument': conversion from 'double' to 'GLfloat', possible loss of data
D:\Github\Platformer_Game\iGraphics.h(151,33): warning C4244: 'argument': conversion from 'double' to 'GLfloat', possible loss of data
D:\Github\Platformer_Game\iGraphics.h(151,17): warning C4244: 'argument': conversion from 'double' to 'GLfloat', possible loss of data
D:\Github\Platformer_Game\iGraphics.h(166,18): warning C4244: 'argument': conversion from 'double' to 'GLfloat', possible loss of data
D:\Github\Platformer_Game\iGraphics.h(166,14): warning C4244: 'argument': conversion from 'double' to 'GLfloat', possible loss of data
D:\Github\Platformer_Game\iGraphics.h(167,18): warning C4244: 'argument': conversion from 'double' to 'GLfloat', possible loss of data
D:\Github\Platformer_Game\iGraphics.h(167,14): warning C4244: 'argument': conversion from 'double' to 'GLfloat', possible loss of data
D:\Github\Platformer_Game\iGraphics.h(168,18): warning C4244: 'argument': conversion from 'double' to 'GLfloat', possible loss of data
D:\Github\Platformer_Game\iGraphics.h(168,14): warning C4244: 'argument': conversion from 'double' to 'GLfloat', possible loss of data
D:\Github\Platformer_Game\iGraphics.h(169,18): warning C4244: 'argument': conversion from 'double' to 'GLfloat', possible loss of data
D:\Github\Platformer_Game\iGraphics.h(169,14): warning C4244: 'argument': conversion from 'double' to 'GLfloat', possible loss of data
D:\Github\Platformer_Game\iGraphics.h(174,18): warning C4244: 'argument': conversion from 'double' to 'GLfloat', possible loss of data
D:\Github\Platformer_Game\iGraphics.h(174,14): warning C4244: 'argument': conversion from 'double' to 'GLfloat', possible loss of data
D:\Github\Platformer_Game\iGraphics.h(175,18): warning C4244: 'argument': conversion from 'double' to 'GLfloat', possible loss of data
D:\Github\Platformer_Game\iGraphics.h(175,14): warning C4244: 'argument': conversion from 'double' to 'GLfloat', possible loss of data
D:\Github\Platformer_Game\iGraphics.h(176,18): warning C4244: 'argument': conversion from 'double' to 'GLfloat', possible loss of data
D:\Github\Platformer_Game\iGraphics.h(176,14): warning C4244: 'argument': conversion from 'double' to 'GLfloat', possible loss of data
D:\Github\Platformer_Game\iGraphics.h(177,18): warning C4244: 'argument': conversion from 'double' to 'GLfloat', possible loss of data
D:\Github\Platformer_Game\iGraphics.h(177,14): warning C4244: 'argument': conversion from 'double' to 'GLfloat', possible loss of data
  TilesManager.cpp
D:\Github\Platformer_Game\iGraphics.h(47,54): warning C4244: 'argument': conversion from 'double' to 'GLclampf', possible loss of data
D:\Github\Platformer_Game\iGraphics.h(47,39): warning C4244: 'argument': conversion from 'double' to 'GLclampf', possible loss of data
D:\Github\Platformer_Game\iGraphics.h(47,24): warning C4244: 'argument': conversion from 'double' to 'GLclampf', possible loss of data
D:\Github\Platformer_Game\iGraphics.h(85,14): warning C4244: '=': conversion from 'double' to 'int', possible loss of data
D:\Github\Platformer_Game\iGraphics.h(89,14): warning C4244: '=': conversion from 'double' to 'int', possible loss of data
D:\Github\Platformer_Game\iGraphics.h(112,21): warning C4244: 'argument': conversion from 'double' to 'GLfloat', possible loss of data
D:\Github\Platformer_Game\iGraphics.h(112,19): warning C4244: 'argument': conversion from 'double' to 'GLfloat', possible loss of data
D:\Github\Platformer_Game\iGraphics.h(112,16): warning C4244: 'argument': conversion from 'double' to 'GLfloat', possible loss of data
D:\Github\Platformer_Game\iGraphics.h(112,13): warning C4244: 'argument': conversion from 'double' to 'GLfloat', possible loss of data
D:\Github\Platformer_Game\iGraphics.h(125,21): warning C4244: 'argument': conversion from 'double' to 'GLfloat', possible loss of data
D:\Github\Platformer_Game\iGraphics.h(125,19): warning C4244: 'argument': conversion from 'double' to 'GLfloat', possible loss of data
D:\Github\Platformer_Game\iGraphics.h(125,16): warning C4244: 'argument': conversion from 'double' to 'GLfloat', possible loss of data
D:\Github\Platformer_Game\iGraphics.h(125,13): warning C4244: 'argument': conversion from 'double' to 'GLfloat', possible loss of data
D:\Github\Platformer_Game\iGraphics.h(143,33): warning C4244: 'argument': conversion from 'double' to 'GLfloat', possible loss of data
D:\Github\Platformer_Game\iGraphics.h(143,17): warning C4244: 'argument': conversion from 'double' to 'GLfloat', possible loss of data
D:\Github\Platformer_Game\iGraphics.h(151,33): warning C4244: 'argument': conversion from 'double' to 'GLfloat', possible loss of data
D:\Github\Platformer_Game\iGraphics.h(151,17): warning C4244: 'argument': conversion from 'double' to 'GLfloat', possible loss of data
D:\Github\Platformer_Game\iGraphics.h(166,18): warning C4244: 'argument': conversion from 'double' to 'GLfloat', possible loss of data
D:\Github\Platformer_Game\iGraphics.h(166,14): warning C4244: 'argument': conversion from 'double' to 'GLfloat', possible loss of data
D:\Github\Platformer_Game\iGraphics.h(167,18): warning C4244: 'argument': conversion from 'double' to 'GLfloat', possible loss of data
D:\Github\Platformer_Game\iGraphics.h(167,14): warning C4244: 'argument': conversion from 'double' to 'GLfloat', possible loss of data
D:\Github\Platformer_Game\iGraphics.h(168,18): warning C4244: 'argument': conversion from 'double' to 'GLfloat', possible loss of data
D:\Github\Platformer_Game\iGraphics.h(168,14): warning C4244: 'argument': conversion from 'double' to 'GLfloat', possible loss of data
D:\Github\Platformer_Game\iGraphics.h(169,18): warning C4244: 'argument': conversion from 'double' to 'GLfloat', possible loss of data
D:\Github\Platformer_Game\iGraphics.h(169,14): warning C4244: 'argument': conversion from 'double' to 'GLfloat', possible loss of data
D:\Github\Platformer_Game\iGraphics.h(174,18): warning C4244: 'argument': conversion from 'double' to 'GLfloat', possible loss of data
D:\Github\Platformer_Game\iGraphics.h(174,14): warning C4244: 'argument': conversion from 'double' to 'GLfloat', possible loss of data
D:\Github\Platformer_Game\iGraphics.h(175,18): warning C4244: 'argument': conversion from 'double' to 'GLfloat', possible loss of data
D:\Github\Platformer_Game\iGraphics.h(175,14): warning C4244: 'argument': conversion from 'double' to 'GLfloat', possible loss of data
D:\Github\Platformer_Game\iGraphics.h(176,18): warning C4244: 'argument': conversion from 'double' to 'GLfloat', possible loss of data
D:\Github\Platformer_Game\iGraphics.h(176,14): warning C4244: 'argument': conversion from 'double' to 'GLfloat', possible loss of data
D:\Github\Platformer_Game\iGraphics.h(177,18): warning C4244: 'argument': conversion from 'double' to 'GLfloat', possible loss of data
D:\Github\Platformer_Game\iGraphics.h(177,14): warning C4244: 'argument': conversion from 'double' to 'GLfloat', possible loss of data
D:\Github\Platformer_Game\TilesManager.cpp(27,57): warning C4244: '=': conversion from 'int' to 'float', possible loss of data
D:\Github\Platformer_Game\TilesManager.cpp(28,57): warning C4244: '=': conversion from 'int' to 'float', possible loss of data
D:\Github\Platformer_Game\TilesManager.cpp(78,34): warning C4244: 'argument': conversion from 'int' to 'float', possible loss of data
D:\Github\Platformer_Game\TilesManager.cpp(78,23): warning C4244: 'argument': conversion from 'int' to 'float', possible loss of data
  Generating Code...
  Platformer_Game.vcxproj -> D:\Github\Platformer_Game\x64\Debug\Platformer_Game.exe
