d:\github\bounce\debug\vc142.pdb
d:\github\bounce\debug\vc142.idb
d:\github\bounce\debug\tilesmanager.obj
d:\github\bounce\debug\tile.obj
d:\github\bounce\debug\spikesmanager.obj
d:\github\bounce\debug\spike.obj
d:\github\bounce\debug\scoremanager.obj
d:\github\bounce\debug\point.obj
d:\github\bounce\debug\playermanager.obj
d:\github\bounce\debug\menumanager.obj
d:\github\bounce\debug\main.obj
d:\github\bounce\debug\levelmanager.obj
d:\github\bounce\debug\keyboard.obj
d:\github\bounce\debug\image_render.obj
d:\github\bounce\debug\igraphics.obj
d:\github\bounce\debug\gamemanager.obj
d:\github\bounce\debug\draw.obj
d:\github\bounce\debug\color.obj
d:\github\bounce\debug\cameramanager.obj
d:\github\bounce\debug\box.obj
d:\github\bounce\debug\audiomanager.obj
d:\github\bounce\debug\glad.obj
d:\github\bounce\debug\bounce.exe
d:\github\bounce\debug\bounce.ilk
d:\github\bounce\debug\bounce.pdb
d:\github\bounce\debug\gamemanager.obj.enc
d:\github\bounce\debug\main.obj.enc
d:\github\bounce\debug\menumanager.obj.enc
d:\github\bounce\debug\playermanager.obj.enc
d:\github\bounce\debug\spikesmanager.obj.enc
d:\github\bounce\debug\tilesmanager.obj.enc
d:\github\bounce\debug\bounce.tlog\cl.command.1.tlog
d:\github\bounce\debug\bounce.tlog\cl.read.1.tlog
d:\github\bounce\debug\bounce.tlog\cl.write.1.tlog
d:\github\bounce\debug\bounce.tlog\link.command.1.tlog
d:\github\bounce\debug\bounce.tlog\link.read.1.tlog
d:\github\bounce\debug\bounce.tlog\link.write.1.tlog
